Vivado Simulator 2017.3
Copyright 1986-1999, 2001-2016 Xilinx, Inc. All Rights Reserved.
Running: C:/Xilinx/Vivado/2017.3/bin/unwrapped/win64.o/xelab.exe -wto d87ca268a5174ed2bfc7f48fce2dac6d --incr --debug typical --relax --mt 2 -L xil_defaultlib -L unisims_ver -L secureip --snapshot process_wrapper_tb_func_impl xil_defaultlib.process_wrapper_tb xil_defaultlib.glbl -log elaborate.log 
Using 2 slave threads.
Starting static elaboration
Completed static elaboration
Starting simulation data flow analysis
Completed simulation data flow analysis
Time Resolution for simulation is 1ps
Compiling module unisims_ver.BUFG
Compiling module unisims_ver.IBUF
Compiling module unisims_ver.FDCE_default
Compiling module unisims_ver.OBUF
Compiling module unisims_ver.LUT5
Compiling module unisims_ver.LUT6
Compiling module unisims_ver.LUT4
Compiling module unisims_ver.x_lut3_mux8
Compiling module unisims_ver.LUT3
Compiling module unisims_ver.latchsre_ldce
Compiling module unisims_ver.LDCE
Compiling module unisims_ver.x_lut2_mux4
Compiling module unisims_ver.LUT2
Compiling module unisims_ver.FDPE_default
Compiling module unisims_ver.FDRE_default
Compiling module unisims_ver.RAM256X1S
Compiling module xil_defaultlib.mem_110
Compiling module xil_defaultlib.S_box_layer
Compiling module xil_defaultlib.mem_109
Compiling module xil_defaultlib.S_box_layer_81
Compiling module xil_defaultlib.mem_108
Compiling module xil_defaultlib.S_box_layer_82
Compiling module xil_defaultlib.mem_107
Compiling module xil_defaultlib.S_box_layer_83
Compiling module xil_defaultlib.mem_106
Compiling module xil_defaultlib.S_box_layer_84
Compiling module xil_defaultlib.mem_105
Compiling module xil_defaultlib.S_box_layer_85
Compiling module xil_defaultlib.mem_104
Compiling module xil_defaultlib.S_box_layer_86
Compiling module xil_defaultlib.mem_103
Compiling module xil_defaultlib.S_box_layer_87
Compiling module xil_defaultlib.mem_102
Compiling module xil_defaultlib.S_box_layer_88
Compiling module xil_defaultlib.mem_101
Compiling module xil_defaultlib.S_box_layer_89
Compiling module xil_defaultlib.mem_100
Compiling module xil_defaultlib.S_box_layer_90
Compiling module xil_defaultlib.mem_99
Compiling module xil_defaultlib.S_box_layer_91
Compiling module xil_defaultlib.mem_98
Compiling module xil_defaultlib.S_box_layer_92
Compiling module xil_defaultlib.mem_97
Compiling module xil_defaultlib.S_box_layer_93
Compiling module xil_defaultlib.mem_96
Compiling module xil_defaultlib.S_box_layer_94
Compiling module xil_defaultlib.mem
Compiling module xil_defaultlib.S_box_layer_95
Compiling module xil_defaultlib.S_box_wrapper
Compiling module unisims_ver.x_lut1_mux2
Compiling module unisims_ver.LUT1
Compiling module xil_defaultlib.shift_rows
Compiling module xil_defaultlib.bit_8_crypto_mul_77
Compiling module xil_defaultlib.bit_8_crypto_mul_78
Compiling module xil_defaultlib.bit_8_crypto_mul_79
Compiling module xil_defaultlib.bit_8_crypto_mul_80
Compiling module xil_defaultlib.bit_32_crypto_mul_61
Compiling module xil_defaultlib.bit_8_crypto_mul_73
Compiling module xil_defaultlib.bit_8_crypto_mul_74
Compiling module xil_defaultlib.bit_8_crypto_mul_75
Compiling module xil_defaultlib.bit_8_crypto_mul_76
Compiling module xil_defaultlib.bit_32_crypto_mul_62
Compiling module xil_defaultlib.bit_8_crypto_mul_69
Compiling module xil_defaultlib.bit_8_crypto_mul_70
Compiling module xil_defaultlib.bit_8_crypto_mul_71
Compiling module xil_defaultlib.bit_8_crypto_mul_72
Compiling module xil_defaultlib.bit_32_crypto_mul_63
Compiling module xil_defaultlib.bit_8_crypto_mul_65
Compiling module xil_defaultlib.bit_8_crypto_mul_66
Compiling module xil_defaultlib.bit_8_crypto_mul_67
Compiling module xil_defaultlib.bit_8_crypto_mul_68
Compiling module xil_defaultlib.bit_32_crypto_mul_64
Compiling module xil_defaultlib.crypto_mul_32Bit_wrapper
Compiling module xil_defaultlib.bit_8_crypto_mul_57
Compiling module xil_defaultlib.bit_8_crypto_mul_58
Compiling module xil_defaultlib.bit_8_crypto_mul_59
Compiling module xil_defaultlib.bit_8_crypto_mul_60
Compiling module xil_defaultlib.bit_32_crypto_mul_41
Compiling module xil_defaultlib.bit_8_crypto_mul_53
Compiling module xil_defaultlib.bit_8_crypto_mul_54
Compiling module xil_defaultlib.bit_8_crypto_mul_55
Compiling module xil_defaultlib.bit_8_crypto_mul_56
Compiling module xil_defaultlib.bit_32_crypto_mul_42
Compiling module xil_defaultlib.bit_8_crypto_mul_49
Compiling module xil_defaultlib.bit_8_crypto_mul_50
Compiling module xil_defaultlib.bit_8_crypto_mul_51
Compiling module xil_defaultlib.bit_8_crypto_mul_52
Compiling module xil_defaultlib.bit_32_crypto_mul_43
Compiling module xil_defaultlib.bit_8_crypto_mul_45
Compiling module xil_defaultlib.bit_8_crypto_mul_46
Compiling module xil_defaultlib.bit_8_crypto_mul_47
Compiling module xil_defaultlib.bit_8_crypto_mul_48
Compiling module xil_defaultlib.bit_32_crypto_mul_44
Compiling module xil_defaultlib.crypto_mul_32Bit_wrapper_0
Compiling module xil_defaultlib.bit_8_crypto_mul_37
Compiling module xil_defaultlib.bit_8_crypto_mul_38
Compiling module xil_defaultlib.bit_8_crypto_mul_39
Compiling module xil_defaultlib.bit_8_crypto_mul_40
Compiling module xil_defaultlib.bit_32_crypto_mul_21
Compiling module xil_defaultlib.bit_8_crypto_mul_33
Compiling module xil_defaultlib.bit_8_crypto_mul_34
Compiling module xil_defaultlib.bit_8_crypto_mul_35
Compiling module xil_defaultlib.bit_8_crypto_mul_36
Compiling module xil_defaultlib.bit_32_crypto_mul_22
Compiling module xil_defaultlib.bit_8_crypto_mul_29
Compiling module xil_defaultlib.bit_8_crypto_mul_30
Compiling module xil_defaultlib.bit_8_crypto_mul_31
Compiling module xil_defaultlib.bit_8_crypto_mul_32
Compiling module xil_defaultlib.bit_32_crypto_mul_23
Compiling module xil_defaultlib.bit_8_crypto_mul_25
Compiling module xil_defaultlib.bit_8_crypto_mul_26
Compiling module xil_defaultlib.bit_8_crypto_mul_27
Compiling module xil_defaultlib.bit_8_crypto_mul_28
Compiling module xil_defaultlib.bit_32_crypto_mul_24
Compiling module xil_defaultlib.crypto_mul_32Bit_wrapper_1
Compiling module xil_defaultlib.bit_8_crypto_mul_17
Compiling module xil_defaultlib.bit_8_crypto_mul_18
Compiling module xil_defaultlib.bit_8_crypto_mul_19
Compiling module xil_defaultlib.bit_8_crypto_mul_20
Compiling module xil_defaultlib.bit_32_crypto_mul
Compiling module xil_defaultlib.bit_8_crypto_mul_13
Compiling module xil_defaultlib.bit_8_crypto_mul_14
Compiling module xil_defaultlib.bit_8_crypto_mul_15
Compiling module xil_defaultlib.bit_8_crypto_mul_16
Compiling module xil_defaultlib.bit_32_crypto_mul_3
Compiling module xil_defaultlib.bit_8_crypto_mul_9
Compiling module xil_defaultlib.bit_8_crypto_mul_10
Compiling module xil_defaultlib.bit_8_crypto_mul_11
Compiling module xil_defaultlib.bit_8_crypto_mul_12
Compiling module xil_defaultlib.bit_32_crypto_mul_4
Compiling module xil_defaultlib.bit_8_crypto_mul
Compiling module xil_defaultlib.bit_8_crypto_mul_6
Compiling module xil_defaultlib.bit_8_crypto_mul_7
Compiling module xil_defaultlib.bit_8_crypto_mul_8
Compiling module xil_defaultlib.bit_32_crypto_mul_5
Compiling module xil_defaultlib.crypto_mul_32Bit_wrapper_2
Compiling module xil_defaultlib.mix_columns
Compiling module xil_defaultlib.addRound_key
Compiling module unisims_ver.FDRE(INIT=1'b1)
Compiling module xil_defaultlib.process_wrapper
Compiling module xil_defaultlib.process_wrapper_tb
Compiling module xil_defaultlib.glbl
Built simulation snapshot process_wrapper_tb_func_impl
