INFO: [VRFC 10-2263] Analyzing Verilog file "C:/Users/uttej/Desktop/VivadoProjs/learn_hw/AES_algorithm/AES_algorithm.sim/sim_1/impl/func/xsim/process_wrapper_tb_func_impl.v" into library xil_defaultlib
INFO: [VRFC 10-311] analyzing module S_box_layer
INFO: [VRFC 10-311] analyzing module S_box_layer_81
INFO: [VRFC 10-311] analyzing module S_box_layer_82
INFO: [VRFC 10-311] analyzing module S_box_layer_83
INFO: [VRFC 10-311] analyzing module S_box_layer_84
INFO: [VRFC 10-311] analyzing module S_box_layer_85
INFO: [VRFC 10-311] analyzing module S_box_layer_86
INFO: [VRFC 10-311] analyzing module S_box_layer_87
INFO: [VRFC 10-311] analyzing module S_box_layer_88
INFO: [VRFC 10-311] analyzing module S_box_layer_89
INFO: [VRFC 10-311] analyzing module S_box_layer_90
INFO: [VRFC 10-311] analyzing module S_box_layer_91
INFO: [VRFC 10-311] analyzing module S_box_layer_92
INFO: [VRFC 10-311] analyzing module S_box_layer_93
INFO: [VRFC 10-311] analyzing module S_box_layer_94
INFO: [VRFC 10-311] analyzing module S_box_layer_95
INFO: [VRFC 10-311] analyzing module S_box_wrapper
INFO: [VRFC 10-311] analyzing module addRound_key
INFO: [VRFC 10-311] analyzing module bit_32_crypto_mul
INFO: [VRFC 10-311] analyzing module bit_32_crypto_mul_21
INFO: [VRFC 10-311] analyzing module bit_32_crypto_mul_22
INFO: [VRFC 10-311] analyzing module bit_32_crypto_mul_23
INFO: [VRFC 10-311] analyzing module bit_32_crypto_mul_24
INFO: [VRFC 10-311] analyzing module bit_32_crypto_mul_3
INFO: [VRFC 10-311] analyzing module bit_32_crypto_mul_4
INFO: [VRFC 10-311] analyzing module bit_32_crypto_mul_41
INFO: [VRFC 10-311] analyzing module bit_32_crypto_mul_42
INFO: [VRFC 10-311] analyzing module bit_32_crypto_mul_43
INFO: [VRFC 10-311] analyzing module bit_32_crypto_mul_44
INFO: [VRFC 10-311] analyzing module bit_32_crypto_mul_5
INFO: [VRFC 10-311] analyzing module bit_32_crypto_mul_61
INFO: [VRFC 10-311] analyzing module bit_32_crypto_mul_62
INFO: [VRFC 10-311] analyzing module bit_32_crypto_mul_63
INFO: [VRFC 10-311] analyzing module bit_32_crypto_mul_64
INFO: [VRFC 10-311] analyzing module bit_8_crypto_mul
INFO: [VRFC 10-311] analyzing module bit_8_crypto_mul_10
INFO: [VRFC 10-311] analyzing module bit_8_crypto_mul_11
INFO: [VRFC 10-311] analyzing module bit_8_crypto_mul_12
INFO: [VRFC 10-311] analyzing module bit_8_crypto_mul_13
INFO: [VRFC 10-311] analyzing module bit_8_crypto_mul_14
INFO: [VRFC 10-311] analyzing module bit_8_crypto_mul_15
INFO: [VRFC 10-311] analyzing module bit_8_crypto_mul_16
INFO: [VRFC 10-311] analyzing module bit_8_crypto_mul_17
INFO: [VRFC 10-311] analyzing module bit_8_crypto_mul_18
INFO: [VRFC 10-311] analyzing module bit_8_crypto_mul_19
INFO: [VRFC 10-311] analyzing module bit_8_crypto_mul_20
INFO: [VRFC 10-311] analyzing module bit_8_crypto_mul_25
INFO: [VRFC 10-311] analyzing module bit_8_crypto_mul_26
INFO: [VRFC 10-311] analyzing module bit_8_crypto_mul_27
INFO: [VRFC 10-311] analyzing module bit_8_crypto_mul_28
INFO: [VRFC 10-311] analyzing module bit_8_crypto_mul_29
INFO: [VRFC 10-311] analyzing module bit_8_crypto_mul_30
INFO: [VRFC 10-311] analyzing module bit_8_crypto_mul_31
INFO: [VRFC 10-311] analyzing module bit_8_crypto_mul_32
INFO: [VRFC 10-311] analyzing module bit_8_crypto_mul_33
INFO: [VRFC 10-311] analyzing module bit_8_crypto_mul_34
INFO: [VRFC 10-311] analyzing module bit_8_crypto_mul_35
INFO: [VRFC 10-311] analyzing module bit_8_crypto_mul_36
INFO: [VRFC 10-311] analyzing module bit_8_crypto_mul_37
INFO: [VRFC 10-311] analyzing module bit_8_crypto_mul_38
INFO: [VRFC 10-311] analyzing module bit_8_crypto_mul_39
INFO: [VRFC 10-311] analyzing module bit_8_crypto_mul_40
INFO: [VRFC 10-311] analyzing module bit_8_crypto_mul_45
INFO: [VRFC 10-311] analyzing module bit_8_crypto_mul_46
INFO: [VRFC 10-311] analyzing module bit_8_crypto_mul_47
INFO: [VRFC 10-311] analyzing module bit_8_crypto_mul_48
INFO: [VRFC 10-311] analyzing module bit_8_crypto_mul_49
INFO: [VRFC 10-311] analyzing module bit_8_crypto_mul_50
INFO: [VRFC 10-311] analyzing module bit_8_crypto_mul_51
INFO: [VRFC 10-311] analyzing module bit_8_crypto_mul_52
INFO: [VRFC 10-311] analyzing module bit_8_crypto_mul_53
INFO: [VRFC 10-311] analyzing module bit_8_crypto_mul_54
INFO: [VRFC 10-311] analyzing module bit_8_crypto_mul_55
INFO: [VRFC 10-311] analyzing module bit_8_crypto_mul_56
INFO: [VRFC 10-311] analyzing module bit_8_crypto_mul_57
INFO: [VRFC 10-311] analyzing module bit_8_crypto_mul_58
INFO: [VRFC 10-311] analyzing module bit_8_crypto_mul_59
INFO: [VRFC 10-311] analyzing module bit_8_crypto_mul_6
INFO: [VRFC 10-311] analyzing module bit_8_crypto_mul_60
INFO: [VRFC 10-311] analyzing module bit_8_crypto_mul_65
INFO: [VRFC 10-311] analyzing module bit_8_crypto_mul_66
INFO: [VRFC 10-311] analyzing module bit_8_crypto_mul_67
INFO: [VRFC 10-311] analyzing module bit_8_crypto_mul_68
INFO: [VRFC 10-311] analyzing module bit_8_crypto_mul_69
INFO: [VRFC 10-311] analyzing module bit_8_crypto_mul_7
INFO: [VRFC 10-311] analyzing module bit_8_crypto_mul_70
INFO: [VRFC 10-311] analyzing module bit_8_crypto_mul_71
INFO: [VRFC 10-311] analyzing module bit_8_crypto_mul_72
INFO: [VRFC 10-311] analyzing module bit_8_crypto_mul_73
INFO: [VRFC 10-311] analyzing module bit_8_crypto_mul_74
INFO: [VRFC 10-311] analyzing module bit_8_crypto_mul_75
INFO: [VRFC 10-311] analyzing module bit_8_crypto_mul_76
INFO: [VRFC 10-311] analyzing module bit_8_crypto_mul_77
INFO: [VRFC 10-311] analyzing module bit_8_crypto_mul_78
INFO: [VRFC 10-311] analyzing module bit_8_crypto_mul_79
INFO: [VRFC 10-311] analyzing module bit_8_crypto_mul_8
INFO: [VRFC 10-311] analyzing module bit_8_crypto_mul_80
INFO: [VRFC 10-311] analyzing module bit_8_crypto_mul_9
INFO: [VRFC 10-311] analyzing module crypto_mul_32Bit_wrapper
INFO: [VRFC 10-311] analyzing module crypto_mul_32Bit_wrapper_0
INFO: [VRFC 10-311] analyzing module crypto_mul_32Bit_wrapper_1
INFO: [VRFC 10-311] analyzing module crypto_mul_32Bit_wrapper_2
INFO: [VRFC 10-311] analyzing module mem
INFO: [VRFC 10-311] analyzing module mem_100
INFO: [VRFC 10-311] analyzing module mem_101
INFO: [VRFC 10-311] analyzing module mem_102
INFO: [VRFC 10-311] analyzing module mem_103
INFO: [VRFC 10-311] analyzing module mem_104
INFO: [VRFC 10-311] analyzing module mem_105
INFO: [VRFC 10-311] analyzing module mem_106
INFO: [VRFC 10-311] analyzing module mem_107
INFO: [VRFC 10-311] analyzing module mem_108
INFO: [VRFC 10-311] analyzing module mem_109
INFO: [VRFC 10-311] analyzing module mem_110
INFO: [VRFC 10-311] analyzing module mem_96
INFO: [VRFC 10-311] analyzing module mem_97
INFO: [VRFC 10-311] analyzing module mem_98
INFO: [VRFC 10-311] analyzing module mem_99
INFO: [VRFC 10-311] analyzing module mix_columns
INFO: [VRFC 10-311] analyzing module process_wrapper
INFO: [VRFC 10-311] analyzing module shift_rows
INFO: [VRFC 10-311] analyzing module glbl
INFO: [VRFC 10-2263] Analyzing Verilog file "C:/Users/uttej/Desktop/VivadoProjs/learn_hw/AES_algorithm/AES_algorithm.srcs/sim_1/new/process_wrapper_tb.v" into library xil_defaultlib
INFO: [VRFC 10-311] analyzing module process_wrapper_tb
