Copyright 1986-2017 Xilinx, Inc. All Rights Reserved.
-------------------------------------------------------------------------------------------------------------------------------------------------------------------------
| Tool Version : Vivado v.2017.3 (win64) Build 2018833 Wed Oct  4 19:58:22 MDT 2017
| Date         : Tue Apr  2 21:33:07 2019
| Host         : tensaZangetsu running 64-bit major release  (build 9200)
| Command      : report_methodology -file process_wrapper_methodology_drc_routed.rpt -pb shift_rows_methodology_drc_routed.pb -rpx shift_rows_methodology_drc_routed.rpx
| Design       : process_wrapper
| Device       : xc7a200tfbg676-2
| Speed File   : -2
| Design State : Routed
-------------------------------------------------------------------------------------------------------------------------------------------------------------------------

Report Methodology

Table of Contents
-----------------
1. REPORT SUMMARY
2. REPORT DETAILS

1. REPORT SUMMARY
-----------------
            Netlist: netlist
          Floorplan: design_1
      Design limits: <entire design considered>
             Max violations: <unlimited>
             Violations found: 397
+-----------+----------+-------------------------------+------------+
| Rule      | Severity | Description                   | Violations |
+-----------+----------+-------------------------------+------------+
| TIMING-18 | Warning  | Missing input or output delay | 258        |
| TIMING-20 | Warning  | Non-clocked latch             | 3          |
| TIMING-23 | Warning  | Combinational loop found      | 136        |
+-----------+----------+-------------------------------+------------+

2. REPORT DETAILS
-----------------
TIMING-18#1 Warning
Missing input or output delay  
An input delay is missing on plain_text[0] relative to clock(s) clk
Related violations: <none>

TIMING-18#2 Warning
Missing input or output delay  
An input delay is missing on plain_text[100] relative to clock(s) clk
Related violations: <none>

TIMING-18#3 Warning
Missing input or output delay  
An input delay is missing on plain_text[101] relative to clock(s) clk
Related violations: <none>

TIMING-18#4 Warning
Missing input or output delay  
An input delay is missing on plain_text[102] relative to clock(s) clk
Related violations: <none>

TIMING-18#5 Warning
Missing input or output delay  
An input delay is missing on plain_text[103] relative to clock(s) clk
Related violations: <none>

TIMING-18#6 Warning
Missing input or output delay  
An input delay is missing on plain_text[104] relative to clock(s) clk
Related violations: <none>

TIMING-18#7 Warning
Missing input or output delay  
An input delay is missing on plain_text[105] relative to clock(s) clk
Related violations: <none>

TIMING-18#8 Warning
Missing input or output delay  
An input delay is missing on plain_text[106] relative to clock(s) clk
Related violations: <none>

TIMING-18#9 Warning
Missing input or output delay  
An input delay is missing on plain_text[107] relative to clock(s) clk
Related violations: <none>

TIMING-18#10 Warning
Missing input or output delay  
An input delay is missing on plain_text[108] relative to clock(s) clk
Related violations: <none>

TIMING-18#11 Warning
Missing input or output delay  
An input delay is missing on plain_text[109] relative to clock(s) clk
Related violations: <none>

TIMING-18#12 Warning
Missing input or output delay  
An input delay is missing on plain_text[10] relative to clock(s) clk
Related violations: <none>

TIMING-18#13 Warning
Missing input or output delay  
An input delay is missing on plain_text[110] relative to clock(s) clk
Related violations: <none>

TIMING-18#14 Warning
Missing input or output delay  
An input delay is missing on plain_text[111] relative to clock(s) clk
Related violations: <none>

TIMING-18#15 Warning
Missing input or output delay  
An input delay is missing on plain_text[112] relative to clock(s) clk
Related violations: <none>

TIMING-18#16 Warning
Missing input or output delay  
An input delay is missing on plain_text[113] relative to clock(s) clk
Related violations: <none>

TIMING-18#17 Warning
Missing input or output delay  
An input delay is missing on plain_text[114] relative to clock(s) clk
Related violations: <none>

TIMING-18#18 Warning
Missing input or output delay  
An input delay is missing on plain_text[115] relative to clock(s) clk
Related violations: <none>

TIMING-18#19 Warning
Missing input or output delay  
An input delay is missing on plain_text[116] relative to clock(s) clk
Related violations: <none>

TIMING-18#20 Warning
Missing input or output delay  
An input delay is missing on plain_text[117] relative to clock(s) clk
Related violations: <none>

TIMING-18#21 Warning
Missing input or output delay  
An input delay is missing on plain_text[118] relative to clock(s) clk
Related violations: <none>

TIMING-18#22 Warning
Missing input or output delay  
An input delay is missing on plain_text[119] relative to clock(s) clk
Related violations: <none>

TIMING-18#23 Warning
Missing input or output delay  
An input delay is missing on plain_text[11] relative to clock(s) clk
Related violations: <none>

TIMING-18#24 Warning
Missing input or output delay  
An input delay is missing on plain_text[120] relative to clock(s) clk
Related violations: <none>

TIMING-18#25 Warning
Missing input or output delay  
An input delay is missing on plain_text[121] relative to clock(s) clk
Related violations: <none>

TIMING-18#26 Warning
Missing input or output delay  
An input delay is missing on plain_text[122] relative to clock(s) clk
Related violations: <none>

TIMING-18#27 Warning
Missing input or output delay  
An input delay is missing on plain_text[123] relative to clock(s) clk
Related violations: <none>

TIMING-18#28 Warning
Missing input or output delay  
An input delay is missing on plain_text[124] relative to clock(s) clk
Related violations: <none>

TIMING-18#29 Warning
Missing input or output delay  
An input delay is missing on plain_text[125] relative to clock(s) clk
Related violations: <none>

TIMING-18#30 Warning
Missing input or output delay  
An input delay is missing on plain_text[126] relative to clock(s) clk
Related violations: <none>

TIMING-18#31 Warning
Missing input or output delay  
An input delay is missing on plain_text[127] relative to clock(s) clk
Related violations: <none>

TIMING-18#32 Warning
Missing input or output delay  
An input delay is missing on plain_text[12] relative to clock(s) clk
Related violations: <none>

TIMING-18#33 Warning
Missing input or output delay  
An input delay is missing on plain_text[13] relative to clock(s) clk
Related violations: <none>

TIMING-18#34 Warning
Missing input or output delay  
An input delay is missing on plain_text[14] relative to clock(s) clk
Related violations: <none>

TIMING-18#35 Warning
Missing input or output delay  
An input delay is missing on plain_text[15] relative to clock(s) clk
Related violations: <none>

TIMING-18#36 Warning
Missing input or output delay  
An input delay is missing on plain_text[16] relative to clock(s) clk
Related violations: <none>

TIMING-18#37 Warning
Missing input or output delay  
An input delay is missing on plain_text[17] relative to clock(s) clk
Related violations: <none>

TIMING-18#38 Warning
Missing input or output delay  
An input delay is missing on plain_text[18] relative to clock(s) clk
Related violations: <none>

TIMING-18#39 Warning
Missing input or output delay  
An input delay is missing on plain_text[19] relative to clock(s) clk
Related violations: <none>

TIMING-18#40 Warning
Missing input or output delay  
An input delay is missing on plain_text[1] relative to clock(s) clk
Related violations: <none>

TIMING-18#41 Warning
Missing input or output delay  
An input delay is missing on plain_text[20] relative to clock(s) clk
Related violations: <none>

TIMING-18#42 Warning
Missing input or output delay  
An input delay is missing on plain_text[21] relative to clock(s) clk
Related violations: <none>

TIMING-18#43 Warning
Missing input or output delay  
An input delay is missing on plain_text[22] relative to clock(s) clk
Related violations: <none>

TIMING-18#44 Warning
Missing input or output delay  
An input delay is missing on plain_text[23] relative to clock(s) clk
Related violations: <none>

TIMING-18#45 Warning
Missing input or output delay  
An input delay is missing on plain_text[24] relative to clock(s) clk
Related violations: <none>

TIMING-18#46 Warning
Missing input or output delay  
An input delay is missing on plain_text[25] relative to clock(s) clk
Related violations: <none>

TIMING-18#47 Warning
Missing input or output delay  
An input delay is missing on plain_text[26] relative to clock(s) clk
Related violations: <none>

TIMING-18#48 Warning
Missing input or output delay  
An input delay is missing on plain_text[27] relative to clock(s) clk
Related violations: <none>

TIMING-18#49 Warning
Missing input or output delay  
An input delay is missing on plain_text[28] relative to clock(s) clk
Related violations: <none>

TIMING-18#50 Warning
Missing input or output delay  
An input delay is missing on plain_text[29] relative to clock(s) clk
Related violations: <none>

TIMING-18#51 Warning
Missing input or output delay  
An input delay is missing on plain_text[2] relative to clock(s) clk
Related violations: <none>

TIMING-18#52 Warning
Missing input or output delay  
An input delay is missing on plain_text[30] relative to clock(s) clk
Related violations: <none>

TIMING-18#53 Warning
Missing input or output delay  
An input delay is missing on plain_text[31] relative to clock(s) clk
Related violations: <none>

TIMING-18#54 Warning
Missing input or output delay  
An input delay is missing on plain_text[32] relative to clock(s) clk
Related violations: <none>

TIMING-18#55 Warning
Missing input or output delay  
An input delay is missing on plain_text[33] relative to clock(s) clk
Related violations: <none>

TIMING-18#56 Warning
Missing input or output delay  
An input delay is missing on plain_text[34] relative to clock(s) clk
Related violations: <none>

TIMING-18#57 Warning
Missing input or output delay  
An input delay is missing on plain_text[35] relative to clock(s) clk
Related violations: <none>

TIMING-18#58 Warning
Missing input or output delay  
An input delay is missing on plain_text[36] relative to clock(s) clk
Related violations: <none>

TIMING-18#59 Warning
Missing input or output delay  
An input delay is missing on plain_text[37] relative to clock(s) clk
Related violations: <none>

TIMING-18#60 Warning
Missing input or output delay  
An input delay is missing on plain_text[38] relative to clock(s) clk
Related violations: <none>

TIMING-18#61 Warning
Missing input or output delay  
An input delay is missing on plain_text[39] relative to clock(s) clk
Related violations: <none>

TIMING-18#62 Warning
Missing input or output delay  
An input delay is missing on plain_text[3] relative to clock(s) clk
Related violations: <none>

TIMING-18#63 Warning
Missing input or output delay  
An input delay is missing on plain_text[40] relative to clock(s) clk
Related violations: <none>

TIMING-18#64 Warning
Missing input or output delay  
An input delay is missing on plain_text[41] relative to clock(s) clk
Related violations: <none>

TIMING-18#65 Warning
Missing input or output delay  
An input delay is missing on plain_text[42] relative to clock(s) clk
Related violations: <none>

TIMING-18#66 Warning
Missing input or output delay  
An input delay is missing on plain_text[43] relative to clock(s) clk
Related violations: <none>

TIMING-18#67 Warning
Missing input or output delay  
An input delay is missing on plain_text[44] relative to clock(s) clk
Related violations: <none>

TIMING-18#68 Warning
Missing input or output delay  
An input delay is missing on plain_text[45] relative to clock(s) clk
Related violations: <none>

TIMING-18#69 Warning
Missing input or output delay  
An input delay is missing on plain_text[46] relative to clock(s) clk
Related violations: <none>

TIMING-18#70 Warning
Missing input or output delay  
An input delay is missing on plain_text[47] relative to clock(s) clk
Related violations: <none>

TIMING-18#71 Warning
Missing input or output delay  
An input delay is missing on plain_text[48] relative to clock(s) clk
Related violations: <none>

TIMING-18#72 Warning
Missing input or output delay  
An input delay is missing on plain_text[49] relative to clock(s) clk
Related violations: <none>

TIMING-18#73 Warning
Missing input or output delay  
An input delay is missing on plain_text[4] relative to clock(s) clk
Related violations: <none>

TIMING-18#74 Warning
Missing input or output delay  
An input delay is missing on plain_text[50] relative to clock(s) clk
Related violations: <none>

TIMING-18#75 Warning
Missing input or output delay  
An input delay is missing on plain_text[51] relative to clock(s) clk
Related violations: <none>

TIMING-18#76 Warning
Missing input or output delay  
An input delay is missing on plain_text[52] relative to clock(s) clk
Related violations: <none>

TIMING-18#77 Warning
Missing input or output delay  
An input delay is missing on plain_text[53] relative to clock(s) clk
Related violations: <none>

TIMING-18#78 Warning
Missing input or output delay  
An input delay is missing on plain_text[54] relative to clock(s) clk
Related violations: <none>

TIMING-18#79 Warning
Missing input or output delay  
An input delay is missing on plain_text[55] relative to clock(s) clk
Related violations: <none>

TIMING-18#80 Warning
Missing input or output delay  
An input delay is missing on plain_text[56] relative to clock(s) clk
Related violations: <none>

TIMING-18#81 Warning
Missing input or output delay  
An input delay is missing on plain_text[57] relative to clock(s) clk
Related violations: <none>

TIMING-18#82 Warning
Missing input or output delay  
An input delay is missing on plain_text[58] relative to clock(s) clk
Related violations: <none>

TIMING-18#83 Warning
Missing input or output delay  
An input delay is missing on plain_text[59] relative to clock(s) clk
Related violations: <none>

TIMING-18#84 Warning
Missing input or output delay  
An input delay is missing on plain_text[5] relative to clock(s) clk
Related violations: <none>

TIMING-18#85 Warning
Missing input or output delay  
An input delay is missing on plain_text[60] relative to clock(s) clk
Related violations: <none>

TIMING-18#86 Warning
Missing input or output delay  
An input delay is missing on plain_text[61] relative to clock(s) clk
Related violations: <none>

TIMING-18#87 Warning
Missing input or output delay  
An input delay is missing on plain_text[62] relative to clock(s) clk
Related violations: <none>

TIMING-18#88 Warning
Missing input or output delay  
An input delay is missing on plain_text[63] relative to clock(s) clk
Related violations: <none>

TIMING-18#89 Warning
Missing input or output delay  
An input delay is missing on plain_text[64] relative to clock(s) clk
Related violations: <none>

TIMING-18#90 Warning
Missing input or output delay  
An input delay is missing on plain_text[65] relative to clock(s) clk
Related violations: <none>

TIMING-18#91 Warning
Missing input or output delay  
An input delay is missing on plain_text[66] relative to clock(s) clk
Related violations: <none>

TIMING-18#92 Warning
Missing input or output delay  
An input delay is missing on plain_text[67] relative to clock(s) clk
Related violations: <none>

TIMING-18#93 Warning
Missing input or output delay  
An input delay is missing on plain_text[68] relative to clock(s) clk
Related violations: <none>

TIMING-18#94 Warning
Missing input or output delay  
An input delay is missing on plain_text[69] relative to clock(s) clk
Related violations: <none>

TIMING-18#95 Warning
Missing input or output delay  
An input delay is missing on plain_text[6] relative to clock(s) clk
Related violations: <none>

TIMING-18#96 Warning
Missing input or output delay  
An input delay is missing on plain_text[70] relative to clock(s) clk
Related violations: <none>

TIMING-18#97 Warning
Missing input or output delay  
An input delay is missing on plain_text[71] relative to clock(s) clk
Related violations: <none>

TIMING-18#98 Warning
Missing input or output delay  
An input delay is missing on plain_text[72] relative to clock(s) clk
Related violations: <none>

TIMING-18#99 Warning
Missing input or output delay  
An input delay is missing on plain_text[73] relative to clock(s) clk
Related violations: <none>

TIMING-18#100 Warning
Missing input or output delay  
An input delay is missing on plain_text[74] relative to clock(s) clk
Related violations: <none>

TIMING-18#101 Warning
Missing input or output delay  
An input delay is missing on plain_text[75] relative to clock(s) clk
Related violations: <none>

TIMING-18#102 Warning
Missing input or output delay  
An input delay is missing on plain_text[76] relative to clock(s) clk
Related violations: <none>

TIMING-18#103 Warning
Missing input or output delay  
An input delay is missing on plain_text[77] relative to clock(s) clk
Related violations: <none>

TIMING-18#104 Warning
Missing input or output delay  
An input delay is missing on plain_text[78] relative to clock(s) clk
Related violations: <none>

TIMING-18#105 Warning
Missing input or output delay  
An input delay is missing on plain_text[79] relative to clock(s) clk
Related violations: <none>

TIMING-18#106 Warning
Missing input or output delay  
An input delay is missing on plain_text[7] relative to clock(s) clk
Related violations: <none>

TIMING-18#107 Warning
Missing input or output delay  
An input delay is missing on plain_text[80] relative to clock(s) clk
Related violations: <none>

TIMING-18#108 Warning
Missing input or output delay  
An input delay is missing on plain_text[81] relative to clock(s) clk
Related violations: <none>

TIMING-18#109 Warning
Missing input or output delay  
An input delay is missing on plain_text[82] relative to clock(s) clk
Related violations: <none>

TIMING-18#110 Warning
Missing input or output delay  
An input delay is missing on plain_text[83] relative to clock(s) clk
Related violations: <none>

TIMING-18#111 Warning
Missing input or output delay  
An input delay is missing on plain_text[84] relative to clock(s) clk
Related violations: <none>

TIMING-18#112 Warning
Missing input or output delay  
An input delay is missing on plain_text[85] relative to clock(s) clk
Related violations: <none>

TIMING-18#113 Warning
Missing input or output delay  
An input delay is missing on plain_text[86] relative to clock(s) clk
Related violations: <none>

TIMING-18#114 Warning
Missing input or output delay  
An input delay is missing on plain_text[87] relative to clock(s) clk
Related violations: <none>

TIMING-18#115 Warning
Missing input or output delay  
An input delay is missing on plain_text[88] relative to clock(s) clk
Related violations: <none>

TIMING-18#116 Warning
Missing input or output delay  
An input delay is missing on plain_text[89] relative to clock(s) clk
Related violations: <none>

TIMING-18#117 Warning
Missing input or output delay  
An input delay is missing on plain_text[8] relative to clock(s) clk
Related violations: <none>

TIMING-18#118 Warning
Missing input or output delay  
An input delay is missing on plain_text[90] relative to clock(s) clk
Related violations: <none>

TIMING-18#119 Warning
Missing input or output delay  
An input delay is missing on plain_text[91] relative to clock(s) clk
Related violations: <none>

TIMING-18#120 Warning
Missing input or output delay  
An input delay is missing on plain_text[92] relative to clock(s) clk
Related violations: <none>

TIMING-18#121 Warning
Missing input or output delay  
An input delay is missing on plain_text[93] relative to clock(s) clk
Related violations: <none>

TIMING-18#122 Warning
Missing input or output delay  
An input delay is missing on plain_text[94] relative to clock(s) clk
Related violations: <none>

TIMING-18#123 Warning
Missing input or output delay  
An input delay is missing on plain_text[95] relative to clock(s) clk
Related violations: <none>

TIMING-18#124 Warning
Missing input or output delay  
An input delay is missing on plain_text[96] relative to clock(s) clk
Related violations: <none>

TIMING-18#125 Warning
Missing input or output delay  
An input delay is missing on plain_text[97] relative to clock(s) clk
Related violations: <none>

TIMING-18#126 Warning
Missing input or output delay  
An input delay is missing on plain_text[98] relative to clock(s) clk
Related violations: <none>

TIMING-18#127 Warning
Missing input or output delay  
An input delay is missing on plain_text[99] relative to clock(s) clk
Related violations: <none>

TIMING-18#128 Warning
Missing input or output delay  
An input delay is missing on plain_text[9] relative to clock(s) clk
Related violations: <none>

TIMING-18#129 Warning
Missing input or output delay  
An input delay is missing on reset relative to clock(s) clk
Related violations: <none>

TIMING-18#130 Warning
Missing input or output delay  
An input delay is missing on trigger relative to clock(s) clk
Related violations: <none>

TIMING-18#131 Warning
Missing input or output delay  
An output delay is missing on cypher_text[0] relative to clock(s) clk
Related violations: <none>

TIMING-18#132 Warning
Missing input or output delay  
An output delay is missing on cypher_text[100] relative to clock(s) clk
Related violations: <none>

TIMING-18#133 Warning
Missing input or output delay  
An output delay is missing on cypher_text[101] relative to clock(s) clk
Related violations: <none>

TIMING-18#134 Warning
Missing input or output delay  
An output delay is missing on cypher_text[102] relative to clock(s) clk
Related violations: <none>

TIMING-18#135 Warning
Missing input or output delay  
An output delay is missing on cypher_text[103] relative to clock(s) clk
Related violations: <none>

TIMING-18#136 Warning
Missing input or output delay  
An output delay is missing on cypher_text[104] relative to clock(s) clk
Related violations: <none>

TIMING-18#137 Warning
Missing input or output delay  
An output delay is missing on cypher_text[105] relative to clock(s) clk
Related violations: <none>

TIMING-18#138 Warning
Missing input or output delay  
An output delay is missing on cypher_text[106] relative to clock(s) clk
Related violations: <none>

TIMING-18#139 Warning
Missing input or output delay  
An output delay is missing on cypher_text[107] relative to clock(s) clk
Related violations: <none>

TIMING-18#140 Warning
Missing input or output delay  
An output delay is missing on cypher_text[108] relative to clock(s) clk
Related violations: <none>

TIMING-18#141 Warning
Missing input or output delay  
An output delay is missing on cypher_text[109] relative to clock(s) clk
Related violations: <none>

TIMING-18#142 Warning
Missing input or output delay  
An output delay is missing on cypher_text[10] relative to clock(s) clk
Related violations: <none>

TIMING-18#143 Warning
Missing input or output delay  
An output delay is missing on cypher_text[110] relative to clock(s) clk
Related violations: <none>

TIMING-18#144 Warning
Missing input or output delay  
An output delay is missing on cypher_text[111] relative to clock(s) clk
Related violations: <none>

TIMING-18#145 Warning
Missing input or output delay  
An output delay is missing on cypher_text[112] relative to clock(s) clk
Related violations: <none>

TIMING-18#146 Warning
Missing input or output delay  
An output delay is missing on cypher_text[113] relative to clock(s) clk
Related violations: <none>

TIMING-18#147 Warning
Missing input or output delay  
An output delay is missing on cypher_text[114] relative to clock(s) clk
Related violations: <none>

TIMING-18#148 Warning
Missing input or output delay  
An output delay is missing on cypher_text[115] relative to clock(s) clk
Related violations: <none>

TIMING-18#149 Warning
Missing input or output delay  
An output delay is missing on cypher_text[116] relative to clock(s) clk
Related violations: <none>

TIMING-18#150 Warning
Missing input or output delay  
An output delay is missing on cypher_text[117] relative to clock(s) clk
Related violations: <none>

TIMING-18#151 Warning
Missing input or output delay  
An output delay is missing on cypher_text[118] relative to clock(s) clk
Related violations: <none>

TIMING-18#152 Warning
Missing input or output delay  
An output delay is missing on cypher_text[119] relative to clock(s) clk
Related violations: <none>

TIMING-18#153 Warning
Missing input or output delay  
An output delay is missing on cypher_text[11] relative to clock(s) clk
Related violations: <none>

TIMING-18#154 Warning
Missing input or output delay  
An output delay is missing on cypher_text[120] relative to clock(s) clk
Related violations: <none>

TIMING-18#155 Warning
Missing input or output delay  
An output delay is missing on cypher_text[121] relative to clock(s) clk
Related violations: <none>

TIMING-18#156 Warning
Missing input or output delay  
An output delay is missing on cypher_text[122] relative to clock(s) clk
Related violations: <none>

TIMING-18#157 Warning
Missing input or output delay  
An output delay is missing on cypher_text[123] relative to clock(s) clk
Related violations: <none>

TIMING-18#158 Warning
Missing input or output delay  
An output delay is missing on cypher_text[124] relative to clock(s) clk
Related violations: <none>

TIMING-18#159 Warning
Missing input or output delay  
An output delay is missing on cypher_text[125] relative to clock(s) clk
Related violations: <none>

TIMING-18#160 Warning
Missing input or output delay  
An output delay is missing on cypher_text[126] relative to clock(s) clk
Related violations: <none>

TIMING-18#161 Warning
Missing input or output delay  
An output delay is missing on cypher_text[127] relative to clock(s) clk
Related violations: <none>

TIMING-18#162 Warning
Missing input or output delay  
An output delay is missing on cypher_text[12] relative to clock(s) clk
Related violations: <none>

TIMING-18#163 Warning
Missing input or output delay  
An output delay is missing on cypher_text[13] relative to clock(s) clk
Related violations: <none>

TIMING-18#164 Warning
Missing input or output delay  
An output delay is missing on cypher_text[14] relative to clock(s) clk
Related violations: <none>

TIMING-18#165 Warning
Missing input or output delay  
An output delay is missing on cypher_text[15] relative to clock(s) clk
Related violations: <none>

TIMING-18#166 Warning
Missing input or output delay  
An output delay is missing on cypher_text[16] relative to clock(s) clk
Related violations: <none>

TIMING-18#167 Warning
Missing input or output delay  
An output delay is missing on cypher_text[17] relative to clock(s) clk
Related violations: <none>

TIMING-18#168 Warning
Missing input or output delay  
An output delay is missing on cypher_text[18] relative to clock(s) clk
Related violations: <none>

TIMING-18#169 Warning
Missing input or output delay  
An output delay is missing on cypher_text[19] relative to clock(s) clk
Related violations: <none>

TIMING-18#170 Warning
Missing input or output delay  
An output delay is missing on cypher_text[1] relative to clock(s) clk
Related violations: <none>

TIMING-18#171 Warning
Missing input or output delay  
An output delay is missing on cypher_text[20] relative to clock(s) clk
Related violations: <none>

TIMING-18#172 Warning
Missing input or output delay  
An output delay is missing on cypher_text[21] relative to clock(s) clk
Related violations: <none>

TIMING-18#173 Warning
Missing input or output delay  
An output delay is missing on cypher_text[22] relative to clock(s) clk
Related violations: <none>

TIMING-18#174 Warning
Missing input or output delay  
An output delay is missing on cypher_text[23] relative to clock(s) clk
Related violations: <none>

TIMING-18#175 Warning
Missing input or output delay  
An output delay is missing on cypher_text[24] relative to clock(s) clk
Related violations: <none>

TIMING-18#176 Warning
Missing input or output delay  
An output delay is missing on cypher_text[25] relative to clock(s) clk
Related violations: <none>

TIMING-18#177 Warning
Missing input or output delay  
An output delay is missing on cypher_text[26] relative to clock(s) clk
Related violations: <none>

TIMING-18#178 Warning
Missing input or output delay  
An output delay is missing on cypher_text[27] relative to clock(s) clk
Related violations: <none>

TIMING-18#179 Warning
Missing input or output delay  
An output delay is missing on cypher_text[28] relative to clock(s) clk
Related violations: <none>

TIMING-18#180 Warning
Missing input or output delay  
An output delay is missing on cypher_text[29] relative to clock(s) clk
Related violations: <none>

TIMING-18#181 Warning
Missing input or output delay  
An output delay is missing on cypher_text[2] relative to clock(s) clk
Related violations: <none>

TIMING-18#182 Warning
Missing input or output delay  
An output delay is missing on cypher_text[30] relative to clock(s) clk
Related violations: <none>

TIMING-18#183 Warning
Missing input or output delay  
An output delay is missing on cypher_text[31] relative to clock(s) clk
Related violations: <none>

TIMING-18#184 Warning
Missing input or output delay  
An output delay is missing on cypher_text[32] relative to clock(s) clk
Related violations: <none>

TIMING-18#185 Warning
Missing input or output delay  
An output delay is missing on cypher_text[33] relative to clock(s) clk
Related violations: <none>

TIMING-18#186 Warning
Missing input or output delay  
An output delay is missing on cypher_text[34] relative to clock(s) clk
Related violations: <none>

TIMING-18#187 Warning
Missing input or output delay  
An output delay is missing on cypher_text[35] relative to clock(s) clk
Related violations: <none>

TIMING-18#188 Warning
Missing input or output delay  
An output delay is missing on cypher_text[36] relative to clock(s) clk
Related violations: <none>

TIMING-18#189 Warning
Missing input or output delay  
An output delay is missing on cypher_text[37] relative to clock(s) clk
Related violations: <none>

TIMING-18#190 Warning
Missing input or output delay  
An output delay is missing on cypher_text[38] relative to clock(s) clk
Related violations: <none>

TIMING-18#191 Warning
Missing input or output delay  
An output delay is missing on cypher_text[39] relative to clock(s) clk
Related violations: <none>

TIMING-18#192 Warning
Missing input or output delay  
An output delay is missing on cypher_text[3] relative to clock(s) clk
Related violations: <none>

TIMING-18#193 Warning
Missing input or output delay  
An output delay is missing on cypher_text[40] relative to clock(s) clk
Related violations: <none>

TIMING-18#194 Warning
Missing input or output delay  
An output delay is missing on cypher_text[41] relative to clock(s) clk
Related violations: <none>

TIMING-18#195 Warning
Missing input or output delay  
An output delay is missing on cypher_text[42] relative to clock(s) clk
Related violations: <none>

TIMING-18#196 Warning
Missing input or output delay  
An output delay is missing on cypher_text[43] relative to clock(s) clk
Related violations: <none>

TIMING-18#197 Warning
Missing input or output delay  
An output delay is missing on cypher_text[44] relative to clock(s) clk
Related violations: <none>

TIMING-18#198 Warning
Missing input or output delay  
An output delay is missing on cypher_text[45] relative to clock(s) clk
Related violations: <none>

TIMING-18#199 Warning
Missing input or output delay  
An output delay is missing on cypher_text[46] relative to clock(s) clk
Related violations: <none>

TIMING-18#200 Warning
Missing input or output delay  
An output delay is missing on cypher_text[47] relative to clock(s) clk
Related violations: <none>

TIMING-18#201 Warning
Missing input or output delay  
An output delay is missing on cypher_text[48] relative to clock(s) clk
Related violations: <none>

TIMING-18#202 Warning
Missing input or output delay  
An output delay is missing on cypher_text[49] relative to clock(s) clk
Related violations: <none>

TIMING-18#203 Warning
Missing input or output delay  
An output delay is missing on cypher_text[4] relative to clock(s) clk
Related violations: <none>

TIMING-18#204 Warning
Missing input or output delay  
An output delay is missing on cypher_text[50] relative to clock(s) clk
Related violations: <none>

TIMING-18#205 Warning
Missing input or output delay  
An output delay is missing on cypher_text[51] relative to clock(s) clk
Related violations: <none>

TIMING-18#206 Warning
Missing input or output delay  
An output delay is missing on cypher_text[52] relative to clock(s) clk
Related violations: <none>

TIMING-18#207 Warning
Missing input or output delay  
An output delay is missing on cypher_text[53] relative to clock(s) clk
Related violations: <none>

TIMING-18#208 Warning
Missing input or output delay  
An output delay is missing on cypher_text[54] relative to clock(s) clk
Related violations: <none>

TIMING-18#209 Warning
Missing input or output delay  
An output delay is missing on cypher_text[55] relative to clock(s) clk
Related violations: <none>

TIMING-18#210 Warning
Missing input or output delay  
An output delay is missing on cypher_text[56] relative to clock(s) clk
Related violations: <none>

TIMING-18#211 Warning
Missing input or output delay  
An output delay is missing on cypher_text[57] relative to clock(s) clk
Related violations: <none>

TIMING-18#212 Warning
Missing input or output delay  
An output delay is missing on cypher_text[58] relative to clock(s) clk
Related violations: <none>

TIMING-18#213 Warning
Missing input or output delay  
An output delay is missing on cypher_text[59] relative to clock(s) clk
Related violations: <none>

TIMING-18#214 Warning
Missing input or output delay  
An output delay is missing on cypher_text[5] relative to clock(s) clk
Related violations: <none>

TIMING-18#215 Warning
Missing input or output delay  
An output delay is missing on cypher_text[60] relative to clock(s) clk
Related violations: <none>

TIMING-18#216 Warning
Missing input or output delay  
An output delay is missing on cypher_text[61] relative to clock(s) clk
Related violations: <none>

TIMING-18#217 Warning
Missing input or output delay  
An output delay is missing on cypher_text[62] relative to clock(s) clk
Related violations: <none>

TIMING-18#218 Warning
Missing input or output delay  
An output delay is missing on cypher_text[63] relative to clock(s) clk
Related violations: <none>

TIMING-18#219 Warning
Missing input or output delay  
An output delay is missing on cypher_text[64] relative to clock(s) clk
Related violations: <none>

TIMING-18#220 Warning
Missing input or output delay  
An output delay is missing on cypher_text[65] relative to clock(s) clk
Related violations: <none>

TIMING-18#221 Warning
Missing input or output delay  
An output delay is missing on cypher_text[66] relative to clock(s) clk
Related violations: <none>

TIMING-18#222 Warning
Missing input or output delay  
An output delay is missing on cypher_text[67] relative to clock(s) clk
Related violations: <none>

TIMING-18#223 Warning
Missing input or output delay  
An output delay is missing on cypher_text[68] relative to clock(s) clk
Related violations: <none>

TIMING-18#224 Warning
Missing input or output delay  
An output delay is missing on cypher_text[69] relative to clock(s) clk
Related violations: <none>

TIMING-18#225 Warning
Missing input or output delay  
An output delay is missing on cypher_text[6] relative to clock(s) clk
Related violations: <none>

TIMING-18#226 Warning
Missing input or output delay  
An output delay is missing on cypher_text[70] relative to clock(s) clk
Related violations: <none>

TIMING-18#227 Warning
Missing input or output delay  
An output delay is missing on cypher_text[71] relative to clock(s) clk
Related violations: <none>

TIMING-18#228 Warning
Missing input or output delay  
An output delay is missing on cypher_text[72] relative to clock(s) clk
Related violations: <none>

TIMING-18#229 Warning
Missing input or output delay  
An output delay is missing on cypher_text[73] relative to clock(s) clk
Related violations: <none>

TIMING-18#230 Warning
Missing input or output delay  
An output delay is missing on cypher_text[74] relative to clock(s) clk
Related violations: <none>

TIMING-18#231 Warning
Missing input or output delay  
An output delay is missing on cypher_text[75] relative to clock(s) clk
Related violations: <none>

TIMING-18#232 Warning
Missing input or output delay  
An output delay is missing on cypher_text[76] relative to clock(s) clk
Related violations: <none>

TIMING-18#233 Warning
Missing input or output delay  
An output delay is missing on cypher_text[77] relative to clock(s) clk
Related violations: <none>

TIMING-18#234 Warning
Missing input or output delay  
An output delay is missing on cypher_text[78] relative to clock(s) clk
Related violations: <none>

TIMING-18#235 Warning
Missing input or output delay  
An output delay is missing on cypher_text[79] relative to clock(s) clk
Related violations: <none>

TIMING-18#236 Warning
Missing input or output delay  
An output delay is missing on cypher_text[7] relative to clock(s) clk
Related violations: <none>

TIMING-18#237 Warning
Missing input or output delay  
An output delay is missing on cypher_text[80] relative to clock(s) clk
Related violations: <none>

TIMING-18#238 Warning
Missing input or output delay  
An output delay is missing on cypher_text[81] relative to clock(s) clk
Related violations: <none>

TIMING-18#239 Warning
Missing input or output delay  
An output delay is missing on cypher_text[82] relative to clock(s) clk
Related violations: <none>

TIMING-18#240 Warning
Missing input or output delay  
An output delay is missing on cypher_text[83] relative to clock(s) clk
Related violations: <none>

TIMING-18#241 Warning
Missing input or output delay  
An output delay is missing on cypher_text[84] relative to clock(s) clk
Related violations: <none>

TIMING-18#242 Warning
Missing input or output delay  
An output delay is missing on cypher_text[85] relative to clock(s) clk
Related violations: <none>

TIMING-18#243 Warning
Missing input or output delay  
An output delay is missing on cypher_text[86] relative to clock(s) clk
Related violations: <none>

TIMING-18#244 Warning
Missing input or output delay  
An output delay is missing on cypher_text[87] relative to clock(s) clk
Related violations: <none>

TIMING-18#245 Warning
Missing input or output delay  
An output delay is missing on cypher_text[88] relative to clock(s) clk
Related violations: <none>

TIMING-18#246 Warning
Missing input or output delay  
An output delay is missing on cypher_text[89] relative to clock(s) clk
Related violations: <none>

TIMING-18#247 Warning
Missing input or output delay  
An output delay is missing on cypher_text[8] relative to clock(s) clk
Related violations: <none>

TIMING-18#248 Warning
Missing input or output delay  
An output delay is missing on cypher_text[90] relative to clock(s) clk
Related violations: <none>

TIMING-18#249 Warning
Missing input or output delay  
An output delay is missing on cypher_text[91] relative to clock(s) clk
Related violations: <none>

TIMING-18#250 Warning
Missing input or output delay  
An output delay is missing on cypher_text[92] relative to clock(s) clk
Related violations: <none>

TIMING-18#251 Warning
Missing input or output delay  
An output delay is missing on cypher_text[93] relative to clock(s) clk
Related violations: <none>

TIMING-18#252 Warning
Missing input or output delay  
An output delay is missing on cypher_text[94] relative to clock(s) clk
Related violations: <none>

TIMING-18#253 Warning
Missing input or output delay  
An output delay is missing on cypher_text[95] relative to clock(s) clk
Related violations: <none>

TIMING-18#254 Warning
Missing input or output delay  
An output delay is missing on cypher_text[96] relative to clock(s) clk
Related violations: <none>

TIMING-18#255 Warning
Missing input or output delay  
An output delay is missing on cypher_text[97] relative to clock(s) clk
Related violations: <none>

TIMING-18#256 Warning
Missing input or output delay  
An output delay is missing on cypher_text[98] relative to clock(s) clk
Related violations: <none>

TIMING-18#257 Warning
Missing input or output delay  
An output delay is missing on cypher_text[99] relative to clock(s) clk
Related violations: <none>

TIMING-18#258 Warning
Missing input or output delay  
An output delay is missing on cypher_text[9] relative to clock(s) clk
Related violations: <none>

TIMING-20#1 Warning
Non-clocked latch  
The latch fsm_counter_reg[0]_LDC cannot be properly analyzed as its control pin fsm_counter_reg[0]_LDC/G is not reached by a timing clock
Related violations: <none>

TIMING-20#2 Warning
Non-clocked latch  
The latch fsm_counter_reg[1]_LDC cannot be properly analyzed as its control pin fsm_counter_reg[1]_LDC/G is not reached by a timing clock
Related violations: <none>

TIMING-20#3 Warning
Non-clocked latch  
The latch fsm_counter_reg[2]_LDC cannot be properly analyzed as its control pin fsm_counter_reg[2]_LDC/G is not reached by a timing clock
Related violations: <none>

TIMING-23#1 Warning
Combinational loop found  
A timing loop has been detected on a combinational path. A timing arc has been disabled between i0/genblk1[0].i/lower_bits_retimed[0]_i_2/I3 and i0/genblk1[0].i/lower_bits_retimed[0]_i_2/O to disable the timing loop
Related violations: <none>

TIMING-23#2 Warning
Combinational loop found  
A timing loop has been detected on a combinational path. A timing arc has been disabled between i0/genblk1[0].i/lower_bits_retimed[1]_i_2/I3 and i0/genblk1[0].i/lower_bits_retimed[1]_i_2/O to disable the timing loop
Related violations: <none>

TIMING-23#3 Warning
Combinational loop found  
A timing loop has been detected on a combinational path. A timing arc has been disabled between i0/genblk1[0].i/lower_bits_retimed[2]_i_2/I3 and i0/genblk1[0].i/lower_bits_retimed[2]_i_2/O to disable the timing loop
Related violations: <none>

TIMING-23#4 Warning
Combinational loop found  
A timing loop has been detected on a combinational path. A timing arc has been disabled between i0/genblk1[0].i/lower_bits_retimed[3]_i_2/I3 and i0/genblk1[0].i/lower_bits_retimed[3]_i_2/O to disable the timing loop
Related violations: <none>

TIMING-23#5 Warning
Combinational loop found  
A timing loop has been detected on a combinational path. A timing arc has been disabled between i0/genblk1[0].i/upper_bits_retimed[0]_i_2/I3 and i0/genblk1[0].i/upper_bits_retimed[0]_i_2/O to disable the timing loop
Related violations: <none>

TIMING-23#6 Warning
Combinational loop found  
A timing loop has been detected on a combinational path. A timing arc has been disabled between i0/genblk1[0].i/upper_bits_retimed[1]_i_2/I3 and i0/genblk1[0].i/upper_bits_retimed[1]_i_2/O to disable the timing loop
Related violations: <none>

TIMING-23#7 Warning
Combinational loop found  
A timing loop has been detected on a combinational path. A timing arc has been disabled between i0/genblk1[0].i/upper_bits_retimed[2]_i_2/I3 and i0/genblk1[0].i/upper_bits_retimed[2]_i_2/O to disable the timing loop
Related violations: <none>

TIMING-23#8 Warning
Combinational loop found  
A timing loop has been detected on a combinational path. A timing arc has been disabled between i0/genblk1[0].i/upper_bits_retimed[3]_i_2/I3 and i0/genblk1[0].i/upper_bits_retimed[3]_i_2/O to disable the timing loop
Related violations: <none>

TIMING-23#9 Warning
Combinational loop found  
A timing loop has been detected on a combinational path. A timing arc has been disabled between i0/genblk1[10].i/lower_bits_retimed[0]_i_2__9/I3 and i0/genblk1[10].i/lower_bits_retimed[0]_i_2__9/O to disable the timing loop
Related violations: <none>

TIMING-23#10 Warning
Combinational loop found  
A timing loop has been detected on a combinational path. A timing arc has been disabled between i0/genblk1[10].i/lower_bits_retimed[1]_i_2__9/I3 and i0/genblk1[10].i/lower_bits_retimed[1]_i_2__9/O to disable the timing loop
Related violations: <none>

TIMING-23#11 Warning
Combinational loop found  
A timing loop has been detected on a combinational path. A timing arc has been disabled between i0/genblk1[10].i/lower_bits_retimed[2]_i_2__9/I3 and i0/genblk1[10].i/lower_bits_retimed[2]_i_2__9/O to disable the timing loop
Related violations: <none>

TIMING-23#12 Warning
Combinational loop found  
A timing loop has been detected on a combinational path. A timing arc has been disabled between i0/genblk1[10].i/lower_bits_retimed[3]_i_2__9/I3 and i0/genblk1[10].i/lower_bits_retimed[3]_i_2__9/O to disable the timing loop
Related violations: <none>

TIMING-23#13 Warning
Combinational loop found  
A timing loop has been detected on a combinational path. A timing arc has been disabled between i0/genblk1[10].i/upper_bits_retimed[0]_i_2__9/I3 and i0/genblk1[10].i/upper_bits_retimed[0]_i_2__9/O to disable the timing loop
Related violations: <none>

TIMING-23#14 Warning
Combinational loop found  
A timing loop has been detected on a combinational path. A timing arc has been disabled between i0/genblk1[10].i/upper_bits_retimed[1]_i_2__9/I3 and i0/genblk1[10].i/upper_bits_retimed[1]_i_2__9/O to disable the timing loop
Related violations: <none>

TIMING-23#15 Warning
Combinational loop found  
A timing loop has been detected on a combinational path. A timing arc has been disabled between i0/genblk1[10].i/upper_bits_retimed[2]_i_2__9/I3 and i0/genblk1[10].i/upper_bits_retimed[2]_i_2__9/O to disable the timing loop
Related violations: <none>

TIMING-23#16 Warning
Combinational loop found  
A timing loop has been detected on a combinational path. A timing arc has been disabled between i0/genblk1[10].i/upper_bits_retimed[3]_i_2__9/I3 and i0/genblk1[10].i/upper_bits_retimed[3]_i_2__9/O to disable the timing loop
Related violations: <none>

TIMING-23#17 Warning
Combinational loop found  
A timing loop has been detected on a combinational path. A timing arc has been disabled between i0/genblk1[11].i/lower_bits_retimed[0]_i_2__10/I3 and i0/genblk1[11].i/lower_bits_retimed[0]_i_2__10/O to disable the timing loop
Related violations: <none>

TIMING-23#18 Warning
Combinational loop found  
A timing loop has been detected on a combinational path. A timing arc has been disabled between i0/genblk1[11].i/lower_bits_retimed[1]_i_2__10/I3 and i0/genblk1[11].i/lower_bits_retimed[1]_i_2__10/O to disable the timing loop
Related violations: <none>

TIMING-23#19 Warning
Combinational loop found  
A timing loop has been detected on a combinational path. A timing arc has been disabled between i0/genblk1[11].i/lower_bits_retimed[2]_i_2__10/I3 and i0/genblk1[11].i/lower_bits_retimed[2]_i_2__10/O to disable the timing loop
Related violations: <none>

TIMING-23#20 Warning
Combinational loop found  
A timing loop has been detected on a combinational path. A timing arc has been disabled between i0/genblk1[11].i/lower_bits_retimed[3]_i_2__10/I3 and i0/genblk1[11].i/lower_bits_retimed[3]_i_2__10/O to disable the timing loop
Related violations: <none>

TIMING-23#21 Warning
Combinational loop found  
A timing loop has been detected on a combinational path. A timing arc has been disabled between i0/genblk1[11].i/upper_bits_retimed[0]_i_2__10/I3 and i0/genblk1[11].i/upper_bits_retimed[0]_i_2__10/O to disable the timing loop
Related violations: <none>

TIMING-23#22 Warning
Combinational loop found  
A timing loop has been detected on a combinational path. A timing arc has been disabled between i0/genblk1[11].i/upper_bits_retimed[1]_i_2__10/I3 and i0/genblk1[11].i/upper_bits_retimed[1]_i_2__10/O to disable the timing loop
Related violations: <none>

TIMING-23#23 Warning
Combinational loop found  
A timing loop has been detected on a combinational path. A timing arc has been disabled between i0/genblk1[11].i/upper_bits_retimed[2]_i_2__10/I3 and i0/genblk1[11].i/upper_bits_retimed[2]_i_2__10/O to disable the timing loop
Related violations: <none>

TIMING-23#24 Warning
Combinational loop found  
A timing loop has been detected on a combinational path. A timing arc has been disabled between i0/genblk1[11].i/upper_bits_retimed[3]_i_2__10/I3 and i0/genblk1[11].i/upper_bits_retimed[3]_i_2__10/O to disable the timing loop
Related violations: <none>

TIMING-23#25 Warning
Combinational loop found  
A timing loop has been detected on a combinational path. A timing arc has been disabled between i0/genblk1[12].i/lower_bits_retimed[0]_i_2__11/I3 and i0/genblk1[12].i/lower_bits_retimed[0]_i_2__11/O to disable the timing loop
Related violations: <none>

TIMING-23#26 Warning
Combinational loop found  
A timing loop has been detected on a combinational path. A timing arc has been disabled between i0/genblk1[12].i/lower_bits_retimed[1]_i_2__11/I3 and i0/genblk1[12].i/lower_bits_retimed[1]_i_2__11/O to disable the timing loop
Related violations: <none>

TIMING-23#27 Warning
Combinational loop found  
A timing loop has been detected on a combinational path. A timing arc has been disabled between i0/genblk1[12].i/lower_bits_retimed[2]_i_2__11/I3 and i0/genblk1[12].i/lower_bits_retimed[2]_i_2__11/O to disable the timing loop
Related violations: <none>

TIMING-23#28 Warning
Combinational loop found  
A timing loop has been detected on a combinational path. A timing arc has been disabled between i0/genblk1[12].i/lower_bits_retimed[3]_i_2__11/I3 and i0/genblk1[12].i/lower_bits_retimed[3]_i_2__11/O to disable the timing loop
Related violations: <none>

TIMING-23#29 Warning
Combinational loop found  
A timing loop has been detected on a combinational path. A timing arc has been disabled between i0/genblk1[12].i/upper_bits_retimed[0]_i_2__11/I3 and i0/genblk1[12].i/upper_bits_retimed[0]_i_2__11/O to disable the timing loop
Related violations: <none>

TIMING-23#30 Warning
Combinational loop found  
A timing loop has been detected on a combinational path. A timing arc has been disabled between i0/genblk1[12].i/upper_bits_retimed[1]_i_2__11/I3 and i0/genblk1[12].i/upper_bits_retimed[1]_i_2__11/O to disable the timing loop
Related violations: <none>

TIMING-23#31 Warning
Combinational loop found  
A timing loop has been detected on a combinational path. A timing arc has been disabled between i0/genblk1[12].i/upper_bits_retimed[2]_i_2__11/I3 and i0/genblk1[12].i/upper_bits_retimed[2]_i_2__11/O to disable the timing loop
Related violations: <none>

TIMING-23#32 Warning
Combinational loop found  
A timing loop has been detected on a combinational path. A timing arc has been disabled between i0/genblk1[12].i/upper_bits_retimed[3]_i_2__11/I3 and i0/genblk1[12].i/upper_bits_retimed[3]_i_2__11/O to disable the timing loop
Related violations: <none>

TIMING-23#33 Warning
Combinational loop found  
A timing loop has been detected on a combinational path. A timing arc has been disabled between i0/genblk1[13].i/lower_bits_retimed[0]_i_2__12/I3 and i0/genblk1[13].i/lower_bits_retimed[0]_i_2__12/O to disable the timing loop
Related violations: <none>

TIMING-23#34 Warning
Combinational loop found  
A timing loop has been detected on a combinational path. A timing arc has been disabled between i0/genblk1[13].i/lower_bits_retimed[1]_i_2__12/I3 and i0/genblk1[13].i/lower_bits_retimed[1]_i_2__12/O to disable the timing loop
Related violations: <none>

TIMING-23#35 Warning
Combinational loop found  
A timing loop has been detected on a combinational path. A timing arc has been disabled between i0/genblk1[13].i/lower_bits_retimed[2]_i_2__12/I3 and i0/genblk1[13].i/lower_bits_retimed[2]_i_2__12/O to disable the timing loop
Related violations: <none>

TIMING-23#36 Warning
Combinational loop found  
A timing loop has been detected on a combinational path. A timing arc has been disabled between i0/genblk1[13].i/lower_bits_retimed[3]_i_2__12/I3 and i0/genblk1[13].i/lower_bits_retimed[3]_i_2__12/O to disable the timing loop
Related violations: <none>

TIMING-23#37 Warning
Combinational loop found  
A timing loop has been detected on a combinational path. A timing arc has been disabled between i0/genblk1[13].i/upper_bits_retimed[0]_i_2__12/I3 and i0/genblk1[13].i/upper_bits_retimed[0]_i_2__12/O to disable the timing loop
Related violations: <none>

TIMING-23#38 Warning
Combinational loop found  
A timing loop has been detected on a combinational path. A timing arc has been disabled between i0/genblk1[13].i/upper_bits_retimed[1]_i_2__12/I3 and i0/genblk1[13].i/upper_bits_retimed[1]_i_2__12/O to disable the timing loop
Related violations: <none>

TIMING-23#39 Warning
Combinational loop found  
A timing loop has been detected on a combinational path. A timing arc has been disabled between i0/genblk1[13].i/upper_bits_retimed[2]_i_2__12/I3 and i0/genblk1[13].i/upper_bits_retimed[2]_i_2__12/O to disable the timing loop
Related violations: <none>

TIMING-23#40 Warning
Combinational loop found  
A timing loop has been detected on a combinational path. A timing arc has been disabled between i0/genblk1[13].i/upper_bits_retimed[3]_i_2__12/I3 and i0/genblk1[13].i/upper_bits_retimed[3]_i_2__12/O to disable the timing loop
Related violations: <none>

TIMING-23#41 Warning
Combinational loop found  
A timing loop has been detected on a combinational path. A timing arc has been disabled between i0/genblk1[14].i/lower_bits_retimed[0]_i_2__13/I3 and i0/genblk1[14].i/lower_bits_retimed[0]_i_2__13/O to disable the timing loop
Related violations: <none>

TIMING-23#42 Warning
Combinational loop found  
A timing loop has been detected on a combinational path. A timing arc has been disabled between i0/genblk1[14].i/lower_bits_retimed[1]_i_2__13/I3 and i0/genblk1[14].i/lower_bits_retimed[1]_i_2__13/O to disable the timing loop
Related violations: <none>

TIMING-23#43 Warning
Combinational loop found  
A timing loop has been detected on a combinational path. A timing arc has been disabled between i0/genblk1[14].i/lower_bits_retimed[2]_i_2__13/I3 and i0/genblk1[14].i/lower_bits_retimed[2]_i_2__13/O to disable the timing loop
Related violations: <none>

TIMING-23#44 Warning
Combinational loop found  
A timing loop has been detected on a combinational path. A timing arc has been disabled between i0/genblk1[14].i/lower_bits_retimed[3]_i_2__13/I3 and i0/genblk1[14].i/lower_bits_retimed[3]_i_2__13/O to disable the timing loop
Related violations: <none>

TIMING-23#45 Warning
Combinational loop found  
A timing loop has been detected on a combinational path. A timing arc has been disabled between i0/genblk1[14].i/upper_bits_retimed[0]_i_2__13/I3 and i0/genblk1[14].i/upper_bits_retimed[0]_i_2__13/O to disable the timing loop
Related violations: <none>

TIMING-23#46 Warning
Combinational loop found  
A timing loop has been detected on a combinational path. A timing arc has been disabled between i0/genblk1[14].i/upper_bits_retimed[1]_i_2__13/I3 and i0/genblk1[14].i/upper_bits_retimed[1]_i_2__13/O to disable the timing loop
Related violations: <none>

TIMING-23#47 Warning
Combinational loop found  
A timing loop has been detected on a combinational path. A timing arc has been disabled between i0/genblk1[14].i/upper_bits_retimed[2]_i_2__13/I3 and i0/genblk1[14].i/upper_bits_retimed[2]_i_2__13/O to disable the timing loop
Related violations: <none>

TIMING-23#48 Warning
Combinational loop found  
A timing loop has been detected on a combinational path. A timing arc has been disabled between i0/genblk1[14].i/upper_bits_retimed[3]_i_2__13/I3 and i0/genblk1[14].i/upper_bits_retimed[3]_i_2__13/O to disable the timing loop
Related violations: <none>

TIMING-23#49 Warning
Combinational loop found  
A timing loop has been detected on a combinational path. A timing arc has been disabled between i0/genblk1[15].i/lower_bits_retimed[0]_i_2__14/I3 and i0/genblk1[15].i/lower_bits_retimed[0]_i_2__14/O to disable the timing loop
Related violations: <none>

TIMING-23#50 Warning
Combinational loop found  
A timing loop has been detected on a combinational path. A timing arc has been disabled between i0/genblk1[15].i/lower_bits_retimed[1]_i_2__14/I3 and i0/genblk1[15].i/lower_bits_retimed[1]_i_2__14/O to disable the timing loop
Related violations: <none>

TIMING-23#51 Warning
Combinational loop found  
A timing loop has been detected on a combinational path. A timing arc has been disabled between i0/genblk1[15].i/lower_bits_retimed[2]_i_2__14/I3 and i0/genblk1[15].i/lower_bits_retimed[2]_i_2__14/O to disable the timing loop
Related violations: <none>

TIMING-23#52 Warning
Combinational loop found  
A timing loop has been detected on a combinational path. A timing arc has been disabled between i0/genblk1[15].i/lower_bits_retimed[3]_i_2__14/I3 and i0/genblk1[15].i/lower_bits_retimed[3]_i_2__14/O to disable the timing loop
Related violations: <none>

TIMING-23#53 Warning
Combinational loop found  
A timing loop has been detected on a combinational path. A timing arc has been disabled between i0/genblk1[15].i/upper_bits_retimed[0]_i_2__14/I3 and i0/genblk1[15].i/upper_bits_retimed[0]_i_2__14/O to disable the timing loop
Related violations: <none>

TIMING-23#54 Warning
Combinational loop found  
A timing loop has been detected on a combinational path. A timing arc has been disabled between i0/genblk1[15].i/upper_bits_retimed[1]_i_2__14/I3 and i0/genblk1[15].i/upper_bits_retimed[1]_i_2__14/O to disable the timing loop
Related violations: <none>

TIMING-23#55 Warning
Combinational loop found  
A timing loop has been detected on a combinational path. A timing arc has been disabled between i0/genblk1[15].i/upper_bits_retimed[2]_i_2__14/I3 and i0/genblk1[15].i/upper_bits_retimed[2]_i_2__14/O to disable the timing loop
Related violations: <none>

TIMING-23#56 Warning
Combinational loop found  
A timing loop has been detected on a combinational path. A timing arc has been disabled between i0/genblk1[15].i/upper_bits_retimed[3]_i_2__14/I2 and i0/genblk1[15].i/upper_bits_retimed[3]_i_2__14/O to disable the timing loop
Related violations: <none>

TIMING-23#57 Warning
Combinational loop found  
A timing loop has been detected on a combinational path. A timing arc has been disabled between i0/genblk1[1].i/lower_bits_retimed[0]_i_2__0/I3 and i0/genblk1[1].i/lower_bits_retimed[0]_i_2__0/O to disable the timing loop
Related violations: <none>

TIMING-23#58 Warning
Combinational loop found  
A timing loop has been detected on a combinational path. A timing arc has been disabled between i0/genblk1[1].i/lower_bits_retimed[1]_i_2__0/I3 and i0/genblk1[1].i/lower_bits_retimed[1]_i_2__0/O to disable the timing loop
Related violations: <none>

TIMING-23#59 Warning
Combinational loop found  
A timing loop has been detected on a combinational path. A timing arc has been disabled between i0/genblk1[1].i/lower_bits_retimed[2]_i_2__0/I3 and i0/genblk1[1].i/lower_bits_retimed[2]_i_2__0/O to disable the timing loop
Related violations: <none>

TIMING-23#60 Warning
Combinational loop found  
A timing loop has been detected on a combinational path. A timing arc has been disabled between i0/genblk1[1].i/lower_bits_retimed[3]_i_2__0/I3 and i0/genblk1[1].i/lower_bits_retimed[3]_i_2__0/O to disable the timing loop
Related violations: <none>

TIMING-23#61 Warning
Combinational loop found  
A timing loop has been detected on a combinational path. A timing arc has been disabled between i0/genblk1[1].i/upper_bits_retimed[0]_i_2__0/I3 and i0/genblk1[1].i/upper_bits_retimed[0]_i_2__0/O to disable the timing loop
Related violations: <none>

TIMING-23#62 Warning
Combinational loop found  
A timing loop has been detected on a combinational path. A timing arc has been disabled between i0/genblk1[1].i/upper_bits_retimed[1]_i_2__0/I3 and i0/genblk1[1].i/upper_bits_retimed[1]_i_2__0/O to disable the timing loop
Related violations: <none>

TIMING-23#63 Warning
Combinational loop found  
A timing loop has been detected on a combinational path. A timing arc has been disabled between i0/genblk1[1].i/upper_bits_retimed[2]_i_2__0/I3 and i0/genblk1[1].i/upper_bits_retimed[2]_i_2__0/O to disable the timing loop
Related violations: <none>

TIMING-23#64 Warning
Combinational loop found  
A timing loop has been detected on a combinational path. A timing arc has been disabled between i0/genblk1[1].i/upper_bits_retimed[3]_i_2__0/I3 and i0/genblk1[1].i/upper_bits_retimed[3]_i_2__0/O to disable the timing loop
Related violations: <none>

TIMING-23#65 Warning
Combinational loop found  
A timing loop has been detected on a combinational path. A timing arc has been disabled between i0/genblk1[2].i/lower_bits_retimed[0]_i_2__1/I3 and i0/genblk1[2].i/lower_bits_retimed[0]_i_2__1/O to disable the timing loop
Related violations: <none>

TIMING-23#66 Warning
Combinational loop found  
A timing loop has been detected on a combinational path. A timing arc has been disabled between i0/genblk1[2].i/lower_bits_retimed[1]_i_2__1/I3 and i0/genblk1[2].i/lower_bits_retimed[1]_i_2__1/O to disable the timing loop
Related violations: <none>

TIMING-23#67 Warning
Combinational loop found  
A timing loop has been detected on a combinational path. A timing arc has been disabled between i0/genblk1[2].i/lower_bits_retimed[2]_i_2__1/I3 and i0/genblk1[2].i/lower_bits_retimed[2]_i_2__1/O to disable the timing loop
Related violations: <none>

TIMING-23#68 Warning
Combinational loop found  
A timing loop has been detected on a combinational path. A timing arc has been disabled between i0/genblk1[2].i/lower_bits_retimed[3]_i_2__1/I3 and i0/genblk1[2].i/lower_bits_retimed[3]_i_2__1/O to disable the timing loop
Related violations: <none>

TIMING-23#69 Warning
Combinational loop found  
A timing loop has been detected on a combinational path. A timing arc has been disabled between i0/genblk1[2].i/upper_bits_retimed[0]_i_2__1/I3 and i0/genblk1[2].i/upper_bits_retimed[0]_i_2__1/O to disable the timing loop
Related violations: <none>

TIMING-23#70 Warning
Combinational loop found  
A timing loop has been detected on a combinational path. A timing arc has been disabled between i0/genblk1[2].i/upper_bits_retimed[1]_i_2__1/I3 and i0/genblk1[2].i/upper_bits_retimed[1]_i_2__1/O to disable the timing loop
Related violations: <none>

TIMING-23#71 Warning
Combinational loop found  
A timing loop has been detected on a combinational path. A timing arc has been disabled between i0/genblk1[2].i/upper_bits_retimed[2]_i_2__1/I3 and i0/genblk1[2].i/upper_bits_retimed[2]_i_2__1/O to disable the timing loop
Related violations: <none>

TIMING-23#72 Warning
Combinational loop found  
A timing loop has been detected on a combinational path. A timing arc has been disabled between i0/genblk1[2].i/upper_bits_retimed[3]_i_2__1/I3 and i0/genblk1[2].i/upper_bits_retimed[3]_i_2__1/O to disable the timing loop
Related violations: <none>

TIMING-23#73 Warning
Combinational loop found  
A timing loop has been detected on a combinational path. A timing arc has been disabled between i0/genblk1[3].i/lower_bits_retimed[0]_i_2__2/I3 and i0/genblk1[3].i/lower_bits_retimed[0]_i_2__2/O to disable the timing loop
Related violations: <none>

TIMING-23#74 Warning
Combinational loop found  
A timing loop has been detected on a combinational path. A timing arc has been disabled between i0/genblk1[3].i/lower_bits_retimed[1]_i_2__2/I3 and i0/genblk1[3].i/lower_bits_retimed[1]_i_2__2/O to disable the timing loop
Related violations: <none>

TIMING-23#75 Warning
Combinational loop found  
A timing loop has been detected on a combinational path. A timing arc has been disabled between i0/genblk1[3].i/lower_bits_retimed[2]_i_2__2/I3 and i0/genblk1[3].i/lower_bits_retimed[2]_i_2__2/O to disable the timing loop
Related violations: <none>

TIMING-23#76 Warning
Combinational loop found  
A timing loop has been detected on a combinational path. A timing arc has been disabled between i0/genblk1[3].i/lower_bits_retimed[3]_i_2__2/I3 and i0/genblk1[3].i/lower_bits_retimed[3]_i_2__2/O to disable the timing loop
Related violations: <none>

TIMING-23#77 Warning
Combinational loop found  
A timing loop has been detected on a combinational path. A timing arc has been disabled between i0/genblk1[3].i/upper_bits_retimed[0]_i_2__2/I3 and i0/genblk1[3].i/upper_bits_retimed[0]_i_2__2/O to disable the timing loop
Related violations: <none>

TIMING-23#78 Warning
Combinational loop found  
A timing loop has been detected on a combinational path. A timing arc has been disabled between i0/genblk1[3].i/upper_bits_retimed[1]_i_2__2/I3 and i0/genblk1[3].i/upper_bits_retimed[1]_i_2__2/O to disable the timing loop
Related violations: <none>

TIMING-23#79 Warning
Combinational loop found  
A timing loop has been detected on a combinational path. A timing arc has been disabled between i0/genblk1[3].i/upper_bits_retimed[2]_i_2__2/I3 and i0/genblk1[3].i/upper_bits_retimed[2]_i_2__2/O to disable the timing loop
Related violations: <none>

TIMING-23#80 Warning
Combinational loop found  
A timing loop has been detected on a combinational path. A timing arc has been disabled between i0/genblk1[3].i/upper_bits_retimed[3]_i_2__2/I3 and i0/genblk1[3].i/upper_bits_retimed[3]_i_2__2/O to disable the timing loop
Related violations: <none>

TIMING-23#81 Warning
Combinational loop found  
A timing loop has been detected on a combinational path. A timing arc has been disabled between i0/genblk1[4].i/lower_bits_retimed[0]_i_2__3/I3 and i0/genblk1[4].i/lower_bits_retimed[0]_i_2__3/O to disable the timing loop
Related violations: <none>

TIMING-23#82 Warning
Combinational loop found  
A timing loop has been detected on a combinational path. A timing arc has been disabled between i0/genblk1[4].i/lower_bits_retimed[1]_i_2__3/I3 and i0/genblk1[4].i/lower_bits_retimed[1]_i_2__3/O to disable the timing loop
Related violations: <none>

TIMING-23#83 Warning
Combinational loop found  
A timing loop has been detected on a combinational path. A timing arc has been disabled between i0/genblk1[4].i/lower_bits_retimed[2]_i_2__3/I3 and i0/genblk1[4].i/lower_bits_retimed[2]_i_2__3/O to disable the timing loop
Related violations: <none>

TIMING-23#84 Warning
Combinational loop found  
A timing loop has been detected on a combinational path. A timing arc has been disabled between i0/genblk1[4].i/lower_bits_retimed[3]_i_2__3/I3 and i0/genblk1[4].i/lower_bits_retimed[3]_i_2__3/O to disable the timing loop
Related violations: <none>

TIMING-23#85 Warning
Combinational loop found  
A timing loop has been detected on a combinational path. A timing arc has been disabled between i0/genblk1[4].i/upper_bits_retimed[0]_i_2__3/I3 and i0/genblk1[4].i/upper_bits_retimed[0]_i_2__3/O to disable the timing loop
Related violations: <none>

TIMING-23#86 Warning
Combinational loop found  
A timing loop has been detected on a combinational path. A timing arc has been disabled between i0/genblk1[4].i/upper_bits_retimed[1]_i_2__3/I3 and i0/genblk1[4].i/upper_bits_retimed[1]_i_2__3/O to disable the timing loop
Related violations: <none>

TIMING-23#87 Warning
Combinational loop found  
A timing loop has been detected on a combinational path. A timing arc has been disabled between i0/genblk1[4].i/upper_bits_retimed[2]_i_2__3/I3 and i0/genblk1[4].i/upper_bits_retimed[2]_i_2__3/O to disable the timing loop
Related violations: <none>

TIMING-23#88 Warning
Combinational loop found  
A timing loop has been detected on a combinational path. A timing arc has been disabled between i0/genblk1[4].i/upper_bits_retimed[3]_i_2__3/I3 and i0/genblk1[4].i/upper_bits_retimed[3]_i_2__3/O to disable the timing loop
Related violations: <none>

TIMING-23#89 Warning
Combinational loop found  
A timing loop has been detected on a combinational path. A timing arc has been disabled between i0/genblk1[5].i/lower_bits_retimed[0]_i_2__4/I3 and i0/genblk1[5].i/lower_bits_retimed[0]_i_2__4/O to disable the timing loop
Related violations: <none>

TIMING-23#90 Warning
Combinational loop found  
A timing loop has been detected on a combinational path. A timing arc has been disabled between i0/genblk1[5].i/lower_bits_retimed[1]_i_2__4/I3 and i0/genblk1[5].i/lower_bits_retimed[1]_i_2__4/O to disable the timing loop
Related violations: <none>

TIMING-23#91 Warning
Combinational loop found  
A timing loop has been detected on a combinational path. A timing arc has been disabled between i0/genblk1[5].i/lower_bits_retimed[2]_i_2__4/I3 and i0/genblk1[5].i/lower_bits_retimed[2]_i_2__4/O to disable the timing loop
Related violations: <none>

TIMING-23#92 Warning
Combinational loop found  
A timing loop has been detected on a combinational path. A timing arc has been disabled between i0/genblk1[5].i/lower_bits_retimed[3]_i_2__4/I3 and i0/genblk1[5].i/lower_bits_retimed[3]_i_2__4/O to disable the timing loop
Related violations: <none>

TIMING-23#93 Warning
Combinational loop found  
A timing loop has been detected on a combinational path. A timing arc has been disabled between i0/genblk1[5].i/upper_bits_retimed[0]_i_2__4/I3 and i0/genblk1[5].i/upper_bits_retimed[0]_i_2__4/O to disable the timing loop
Related violations: <none>

TIMING-23#94 Warning
Combinational loop found  
A timing loop has been detected on a combinational path. A timing arc has been disabled between i0/genblk1[5].i/upper_bits_retimed[1]_i_2__4/I3 and i0/genblk1[5].i/upper_bits_retimed[1]_i_2__4/O to disable the timing loop
Related violations: <none>

TIMING-23#95 Warning
Combinational loop found  
A timing loop has been detected on a combinational path. A timing arc has been disabled between i0/genblk1[5].i/upper_bits_retimed[2]_i_2__4/I3 and i0/genblk1[5].i/upper_bits_retimed[2]_i_2__4/O to disable the timing loop
Related violations: <none>

TIMING-23#96 Warning
Combinational loop found  
A timing loop has been detected on a combinational path. A timing arc has been disabled between i0/genblk1[5].i/upper_bits_retimed[3]_i_2__4/I3 and i0/genblk1[5].i/upper_bits_retimed[3]_i_2__4/O to disable the timing loop
Related violations: <none>

TIMING-23#97 Warning
Combinational loop found  
A timing loop has been detected on a combinational path. A timing arc has been disabled between i0/genblk1[6].i/lower_bits_retimed[0]_i_2__5/I3 and i0/genblk1[6].i/lower_bits_retimed[0]_i_2__5/O to disable the timing loop
Related violations: <none>

TIMING-23#98 Warning
Combinational loop found  
A timing loop has been detected on a combinational path. A timing arc has been disabled between i0/genblk1[6].i/lower_bits_retimed[1]_i_2__5/I3 and i0/genblk1[6].i/lower_bits_retimed[1]_i_2__5/O to disable the timing loop
Related violations: <none>

TIMING-23#99 Warning
Combinational loop found  
A timing loop has been detected on a combinational path. A timing arc has been disabled between i0/genblk1[6].i/lower_bits_retimed[2]_i_2__5/I3 and i0/genblk1[6].i/lower_bits_retimed[2]_i_2__5/O to disable the timing loop
Related violations: <none>

TIMING-23#100 Warning
Combinational loop found  
A timing loop has been detected on a combinational path. A timing arc has been disabled between i0/genblk1[6].i/lower_bits_retimed[3]_i_2__5/I3 and i0/genblk1[6].i/lower_bits_retimed[3]_i_2__5/O to disable the timing loop
Related violations: <none>

TIMING-23#101 Warning
Combinational loop found  
A timing loop has been detected on a combinational path. A timing arc has been disabled between i0/genblk1[6].i/upper_bits_retimed[0]_i_2__5/I3 and i0/genblk1[6].i/upper_bits_retimed[0]_i_2__5/O to disable the timing loop
Related violations: <none>

TIMING-23#102 Warning
Combinational loop found  
A timing loop has been detected on a combinational path. A timing arc has been disabled between i0/genblk1[6].i/upper_bits_retimed[1]_i_2__5/I3 and i0/genblk1[6].i/upper_bits_retimed[1]_i_2__5/O to disable the timing loop
Related violations: <none>

TIMING-23#103 Warning
Combinational loop found  
A timing loop has been detected on a combinational path. A timing arc has been disabled between i0/genblk1[6].i/upper_bits_retimed[2]_i_2__5/I3 and i0/genblk1[6].i/upper_bits_retimed[2]_i_2__5/O to disable the timing loop
Related violations: <none>

TIMING-23#104 Warning
Combinational loop found  
A timing loop has been detected on a combinational path. A timing arc has been disabled between i0/genblk1[6].i/upper_bits_retimed[3]_i_2__5/I3 and i0/genblk1[6].i/upper_bits_retimed[3]_i_2__5/O to disable the timing loop
Related violations: <none>

TIMING-23#105 Warning
Combinational loop found  
A timing loop has been detected on a combinational path. A timing arc has been disabled between i0/genblk1[7].i/lower_bits_retimed[0]_i_2__6/I3 and i0/genblk1[7].i/lower_bits_retimed[0]_i_2__6/O to disable the timing loop
Related violations: <none>

TIMING-23#106 Warning
Combinational loop found  
A timing loop has been detected on a combinational path. A timing arc has been disabled between i0/genblk1[7].i/lower_bits_retimed[1]_i_2__6/I3 and i0/genblk1[7].i/lower_bits_retimed[1]_i_2__6/O to disable the timing loop
Related violations: <none>

TIMING-23#107 Warning
Combinational loop found  
A timing loop has been detected on a combinational path. A timing arc has been disabled between i0/genblk1[7].i/lower_bits_retimed[2]_i_2__6/I3 and i0/genblk1[7].i/lower_bits_retimed[2]_i_2__6/O to disable the timing loop
Related violations: <none>

TIMING-23#108 Warning
Combinational loop found  
A timing loop has been detected on a combinational path. A timing arc has been disabled between i0/genblk1[7].i/lower_bits_retimed[3]_i_2__6/I3 and i0/genblk1[7].i/lower_bits_retimed[3]_i_2__6/O to disable the timing loop
Related violations: <none>

TIMING-23#109 Warning
Combinational loop found  
A timing loop has been detected on a combinational path. A timing arc has been disabled between i0/genblk1[7].i/upper_bits_retimed[0]_i_2__6/I3 and i0/genblk1[7].i/upper_bits_retimed[0]_i_2__6/O to disable the timing loop
Related violations: <none>

TIMING-23#110 Warning
Combinational loop found  
A timing loop has been detected on a combinational path. A timing arc has been disabled between i0/genblk1[7].i/upper_bits_retimed[1]_i_2__6/I3 and i0/genblk1[7].i/upper_bits_retimed[1]_i_2__6/O to disable the timing loop
Related violations: <none>

TIMING-23#111 Warning
Combinational loop found  
A timing loop has been detected on a combinational path. A timing arc has been disabled between i0/genblk1[7].i/upper_bits_retimed[2]_i_2__6/I3 and i0/genblk1[7].i/upper_bits_retimed[2]_i_2__6/O to disable the timing loop
Related violations: <none>

TIMING-23#112 Warning
Combinational loop found  
A timing loop has been detected on a combinational path. A timing arc has been disabled between i0/genblk1[7].i/upper_bits_retimed[3]_i_2__6/I3 and i0/genblk1[7].i/upper_bits_retimed[3]_i_2__6/O to disable the timing loop
Related violations: <none>

TIMING-23#113 Warning
Combinational loop found  
A timing loop has been detected on a combinational path. A timing arc has been disabled between i0/genblk1[8].i/lower_bits_retimed[0]_i_2__7/I3 and i0/genblk1[8].i/lower_bits_retimed[0]_i_2__7/O to disable the timing loop
Related violations: <none>

TIMING-23#114 Warning
Combinational loop found  
A timing loop has been detected on a combinational path. A timing arc has been disabled between i0/genblk1[8].i/lower_bits_retimed[1]_i_2__7/I3 and i0/genblk1[8].i/lower_bits_retimed[1]_i_2__7/O to disable the timing loop
Related violations: <none>

TIMING-23#115 Warning
Combinational loop found  
A timing loop has been detected on a combinational path. A timing arc has been disabled between i0/genblk1[8].i/lower_bits_retimed[2]_i_2__7/I3 and i0/genblk1[8].i/lower_bits_retimed[2]_i_2__7/O to disable the timing loop
Related violations: <none>

TIMING-23#116 Warning
Combinational loop found  
A timing loop has been detected on a combinational path. A timing arc has been disabled between i0/genblk1[8].i/lower_bits_retimed[3]_i_2__7/I3 and i0/genblk1[8].i/lower_bits_retimed[3]_i_2__7/O to disable the timing loop
Related violations: <none>

TIMING-23#117 Warning
Combinational loop found  
A timing loop has been detected on a combinational path. A timing arc has been disabled between i0/genblk1[8].i/upper_bits_retimed[0]_i_2__7/I3 and i0/genblk1[8].i/upper_bits_retimed[0]_i_2__7/O to disable the timing loop
Related violations: <none>

TIMING-23#118 Warning
Combinational loop found  
A timing loop has been detected on a combinational path. A timing arc has been disabled between i0/genblk1[8].i/upper_bits_retimed[1]_i_2__7/I3 and i0/genblk1[8].i/upper_bits_retimed[1]_i_2__7/O to disable the timing loop
Related violations: <none>

TIMING-23#119 Warning
Combinational loop found  
A timing loop has been detected on a combinational path. A timing arc has been disabled between i0/genblk1[8].i/upper_bits_retimed[2]_i_2__7/I3 and i0/genblk1[8].i/upper_bits_retimed[2]_i_2__7/O to disable the timing loop
Related violations: <none>

TIMING-23#120 Warning
Combinational loop found  
A timing loop has been detected on a combinational path. A timing arc has been disabled between i0/genblk1[8].i/upper_bits_retimed[3]_i_2__7/I3 and i0/genblk1[8].i/upper_bits_retimed[3]_i_2__7/O to disable the timing loop
Related violations: <none>

TIMING-23#121 Warning
Combinational loop found  
A timing loop has been detected on a combinational path. A timing arc has been disabled between i0/genblk1[9].i/lower_bits_retimed[0]_i_2__8/I3 and i0/genblk1[9].i/lower_bits_retimed[0]_i_2__8/O to disable the timing loop
Related violations: <none>

TIMING-23#122 Warning
Combinational loop found  
A timing loop has been detected on a combinational path. A timing arc has been disabled between i0/genblk1[9].i/lower_bits_retimed[1]_i_2__8/I3 and i0/genblk1[9].i/lower_bits_retimed[1]_i_2__8/O to disable the timing loop
Related violations: <none>

TIMING-23#123 Warning
Combinational loop found  
A timing loop has been detected on a combinational path. A timing arc has been disabled between i0/genblk1[9].i/lower_bits_retimed[2]_i_2__8/I3 and i0/genblk1[9].i/lower_bits_retimed[2]_i_2__8/O to disable the timing loop
Related violations: <none>

TIMING-23#124 Warning
Combinational loop found  
A timing loop has been detected on a combinational path. A timing arc has been disabled between i0/genblk1[9].i/lower_bits_retimed[3]_i_2__8/I3 and i0/genblk1[9].i/lower_bits_retimed[3]_i_2__8/O to disable the timing loop
Related violations: <none>

TIMING-23#125 Warning
Combinational loop found  
A timing loop has been detected on a combinational path. A timing arc has been disabled between i0/genblk1[9].i/upper_bits_retimed[0]_i_2__8/I3 and i0/genblk1[9].i/upper_bits_retimed[0]_i_2__8/O to disable the timing loop
Related violations: <none>

TIMING-23#126 Warning
Combinational loop found  
A timing loop has been detected on a combinational path. A timing arc has been disabled between i0/genblk1[9].i/upper_bits_retimed[1]_i_2__8/I3 and i0/genblk1[9].i/upper_bits_retimed[1]_i_2__8/O to disable the timing loop
Related violations: <none>

TIMING-23#127 Warning
Combinational loop found  
A timing loop has been detected on a combinational path. A timing arc has been disabled between i0/genblk1[9].i/upper_bits_retimed[2]_i_2__8/I3 and i0/genblk1[9].i/upper_bits_retimed[2]_i_2__8/O to disable the timing loop
Related violations: <none>

TIMING-23#128 Warning
Combinational loop found  
A timing loop has been detected on a combinational path. A timing arc has been disabled between i0/genblk1[9].i/upper_bits_retimed[3]_i_2__8/I3 and i0/genblk1[9].i/upper_bits_retimed[3]_i_2__8/O to disable the timing loop
Related violations: <none>

TIMING-23#129 Warning
Combinational loop found  
A timing loop has been detected on a combinational path. A timing arc has been disabled between key_gen_inferred_i_1/I0 and key_gen_inferred_i_1/O to disable the timing loop
Related violations: <none>

TIMING-23#130 Warning
Combinational loop found  
A timing loop has been detected on a combinational path. A timing arc has been disabled between nextState_inferred_i_1/I0 and nextState_inferred_i_1/O to disable the timing loop
Related violations: <none>

TIMING-23#131 Warning
Combinational loop found  
A timing loop has been detected on a combinational path. A timing arc has been disabled between nextState_inferred_i_2/I0 and nextState_inferred_i_2/O to disable the timing loop
Related violations: <none>

TIMING-23#132 Warning
Combinational loop found  
A timing loop has been detected on a combinational path. A timing arc has been disabled between nextState_inferred_i_3/I1 and nextState_inferred_i_3/O to disable the timing loop
Related violations: <none>

TIMING-23#133 Warning
Combinational loop found  
A timing loop has been detected on a combinational path. A timing arc has been disabled between start_addKey_inferred_i_1/I1 and start_addKey_inferred_i_1/O to disable the timing loop
Related violations: <none>

TIMING-23#134 Warning
Combinational loop found  
A timing loop has been detected on a combinational path. A timing arc has been disabled between start_byteSub_inferred_i_1/I1 and start_byteSub_inferred_i_1/O to disable the timing loop
Related violations: <none>

TIMING-23#135 Warning
Combinational loop found  
A timing loop has been detected on a combinational path. A timing arc has been disabled between start_mixCols_inferred__0_i_1/I1 and start_mixCols_inferred__0_i_1/O to disable the timing loop
Related violations: <none>

TIMING-23#136 Warning
Combinational loop found  
A timing loop has been detected on a combinational path. A timing arc has been disabled between start_shiftRows_inferred_i_1/I0 and start_shiftRows_inferred_i_1/O to disable the timing loop
Related violations: <none>


