INFO: [VRFC 10-2263] Analyzing Verilog file "C:/Users/uttej/Desktop/VivadoProjs/learn_hw/AES_algorithm/AES_algorithm.srcs/sources_1/new/S_box_layer.v" into library xil_defaultlib
INFO: [VRFC 10-311] analyzing module S_box_layer
INFO: [VRFC 10-2263] Analyzing Verilog file "C:/Users/uttej/Desktop/VivadoProjs/learn_hw/AES_algorithm/AES_algorithm.srcs/sources_1/new/S_box_wrapper.v" into library xil_defaultlib
INFO: [VRFC 10-311] analyzing module S_box_wrapper
INFO: [VRFC 10-2263] Analyzing Verilog file "C:/Users/uttej/Desktop/VivadoProjs/learn_hw/AES_algorithm/AES_algorithm.srcs/sources_1/new/addRound_key.v" into library xil_defaultlib
INFO: [VRFC 10-311] analyzing module addRound_key
INFO: [VRFC 10-2263] Analyzing Verilog file "C:/Users/uttej/Desktop/VivadoProjs/learn_hw/AES_algorithm/AES_algorithm.srcs/sources_1/new/bit_32_crypto_mul.v" into library xil_defaultlib
INFO: [VRFC 10-311] analyzing module bit_32_crypto_mul
INFO: [VRFC 10-2263] Analyzing Verilog file "C:/Users/uttej/Desktop/VivadoProjs/learn_hw/AES_algorithm/AES_algorithm.srcs/sources_1/new/bit_8_crypto_mul.v" into library xil_defaultlib
INFO: [VRFC 10-311] analyzing module bit_8_crypto_mul
INFO: [VRFC 10-2263] Analyzing Verilog file "C:/Users/uttej/Desktop/VivadoProjs/learn_hw/AES_algorithm/AES_algorithm.srcs/sources_1/new/crypto_mul_32Bit_wrapper.v" into library xil_defaultlib
INFO: [VRFC 10-311] analyzing module crypto_mul_32Bit_wrapper
INFO: [VRFC 10-2263] Analyzing Verilog file "C:/Users/uttej/Desktop/VivadoProjs/learn_hw/AES_algorithm/AES_algorithm.srcs/sources_1/new/mem.v" into library xil_defaultlib
INFO: [VRFC 10-311] analyzing module mem
INFO: [VRFC 10-2263] Analyzing Verilog file "C:/Users/uttej/Desktop/VivadoProjs/learn_hw/AES_algorithm/AES_algorithm.srcs/sources_1/new/mix_columns.v" into library xil_defaultlib
INFO: [VRFC 10-311] analyzing module mix_columns
INFO: [VRFC 10-2263] Analyzing Verilog file "C:/Users/uttej/Desktop/VivadoProjs/learn_hw/AES_algorithm/AES_algorithm.srcs/sources_1/new/process_wrapper.v" into library xil_defaultlib
INFO: [VRFC 10-311] analyzing module process_wrapper
INFO: [VRFC 10-2263] Analyzing Verilog file "C:/Users/uttej/Desktop/VivadoProjs/learn_hw/AES_algorithm/AES_algorithm.srcs/sources_1/new/shift_rows.v" into library xil_defaultlib
INFO: [VRFC 10-311] analyzing module shift_rows
INFO: [VRFC 10-2263] Analyzing Verilog file "C:/Users/uttej/Desktop/VivadoProjs/learn_hw/AES_algorithm/AES_algorithm.srcs/sim_1/new/process_wrapper_tb.v" into library xil_defaultlib
INFO: [VRFC 10-311] analyzing module process_wrapper_tb
